2021-05-30 12:37:55,844 INFO    MainThread:15480 [internal.py:wandb_internal():91] W&B internal server running at pid: 15480, started at: 2021-05-30 12:37:55.840410
2021-05-30 12:37:55,846 DEBUG   HandlerThread:15480 [handler.py:handle_request():121] handle_request: check_version
2021-05-30 12:37:55,846 INFO    WriterThread:15480 [datastore.py:open_for_write():77] open: C:\Users\robertorg\Documentos\UPM\TFG\Aplicacion\wandb\run-20210530_123755-28ief2tx\run-28ief2tx.wandb
2021-05-30 12:37:55,848 DEBUG   SenderThread:15480 [sender.py:send():176] send: header
2021-05-30 12:37:55,848 DEBUG   SenderThread:15480 [sender.py:send_request():186] send_request: check_version
2021-05-30 12:37:56,349 DEBUG   SenderThread:15480 [sender.py:send():176] send: run
2021-05-30 12:37:56,368 DEBUG   SenderThread:15480 [git.py:repo():33] git repository is invalid
2021-05-30 12:37:56,672 DEBUG   HandlerThread:15480 [handler.py:handle_request():121] handle_request: run_start
2021-05-30 12:37:56,676 INFO    SenderThread:15480 [dir_watcher.py:__init__():168] watching files in: C:\Users\robertorg\Documentos\UPM\TFG\Aplicacion\wandb\run-20210530_123755-28ief2tx\files
2021-05-30 12:37:56,676 INFO    SenderThread:15480 [sender.py:_start_run_threads():699] run started: 28ief2tx with start time 1622371075
2021-05-30 12:37:56,676 DEBUG   SenderThread:15480 [sender.py:send():176] send: summary
2021-05-30 12:37:56,677 INFO    SenderThread:15480 [sender.py:_save_file():821] saving file wandb-summary.json with policy end
2021-05-30 12:37:57,677 INFO    Thread-12 :15480 [dir_watcher.py:_on_file_created():216] file/dir created: C:\Users\robertorg\Documentos\UPM\TFG\Aplicacion\wandb\run-20210530_123755-28ief2tx\files\wandb-summary.json
2021-05-30 12:37:58,168 DEBUG   HandlerThread:15480 [meta.py:__init__():39] meta init
2021-05-30 12:37:58,168 DEBUG   HandlerThread:15480 [meta.py:__init__():53] meta init done
2021-05-30 12:37:58,168 DEBUG   HandlerThread:15480 [meta.py:probe():210] probe
2021-05-30 12:37:58,176 DEBUG   HandlerThread:15480 [git.py:repo():33] git repository is invalid
2021-05-30 12:37:58,176 DEBUG   HandlerThread:15480 [meta.py:_save_pip():57] save pip
2021-05-30 12:37:58,177 DEBUG   HandlerThread:15480 [meta.py:_save_pip():71] save pip done
2021-05-30 12:37:58,177 DEBUG   HandlerThread:15480 [meta.py:_save_conda():78] save conda
2021-05-30 12:37:58,677 INFO    Thread-12 :15480 [dir_watcher.py:_on_file_created():216] file/dir created: C:\Users\robertorg\Documentos\UPM\TFG\Aplicacion\wandb\run-20210530_123755-28ief2tx\files\requirements.txt
2021-05-30 12:37:58,677 INFO    Thread-12 :15480 [dir_watcher.py:_on_file_created():216] file/dir created: C:\Users\robertorg\Documentos\UPM\TFG\Aplicacion\wandb\run-20210530_123755-28ief2tx\files\conda-environment.yaml
2021-05-30 12:38:00,678 INFO    Thread-12 :15480 [dir_watcher.py:_on_file_modified():229] file/dir modified: C:\Users\robertorg\Documentos\UPM\TFG\Aplicacion\wandb\run-20210530_123755-28ief2tx\files\conda-environment.yaml
2021-05-30 12:38:00,756 DEBUG   HandlerThread:15480 [meta.py:_save_conda():86] save conda done
2021-05-30 12:38:00,756 DEBUG   HandlerThread:15480 [meta.py:probe():252] probe done
2021-05-30 12:38:00,759 DEBUG   SenderThread:15480 [sender.py:send():176] send: files
2021-05-30 12:38:00,759 INFO    SenderThread:15480 [sender.py:_save_file():821] saving file wandb-metadata.json with policy now
2021-05-30 12:38:00,764 DEBUG   HandlerThread:15480 [handler.py:handle_request():121] handle_request: stop_status
2021-05-30 12:38:00,765 DEBUG   SenderThread:15480 [sender.py:send_request():186] send_request: stop_status
2021-05-30 12:38:01,438 INFO    Thread-15 :15480 [upload_job.py:push():133] Uploaded file C:\Users\ROBERT~1\AppData\Local\Temp\tmp61mt96gnwandb\3q994ejk-wandb-metadata.json
2021-05-30 12:38:01,678 INFO    Thread-12 :15480 [dir_watcher.py:_on_file_created():216] file/dir created: C:\Users\robertorg\Documentos\UPM\TFG\Aplicacion\wandb\run-20210530_123755-28ief2tx\files\output.log
2021-05-30 12:38:01,679 INFO    Thread-12 :15480 [dir_watcher.py:_on_file_created():216] file/dir created: C:\Users\robertorg\Documentos\UPM\TFG\Aplicacion\wandb\run-20210530_123755-28ief2tx\files\wandb-metadata.json
2021-05-30 12:38:16,013 DEBUG   HandlerThread:15480 [handler.py:handle_request():121] handle_request: stop_status
2021-05-30 12:38:16,013 DEBUG   SenderThread:15480 [sender.py:send_request():186] send_request: stop_status
2021-05-30 12:38:26,766 DEBUG   SenderThread:15480 [sender.py:send():176] send: stats
2021-05-30 12:38:31,284 DEBUG   HandlerThread:15480 [handler.py:handle_request():121] handle_request: stop_status
2021-05-30 12:38:31,284 DEBUG   SenderThread:15480 [sender.py:send_request():186] send_request: stop_status
2021-05-30 12:38:46,541 DEBUG   HandlerThread:15480 [handler.py:handle_request():121] handle_request: stop_status
2021-05-30 12:38:46,541 DEBUG   SenderThread:15480 [sender.py:send_request():186] send_request: stop_status
2021-05-30 12:38:57,272 DEBUG   SenderThread:15480 [sender.py:send():176] send: stats
2021-05-30 12:39:01,795 DEBUG   HandlerThread:15480 [handler.py:handle_request():121] handle_request: stop_status
2021-05-30 12:39:01,795 DEBUG   SenderThread:15480 [sender.py:send_request():186] send_request: stop_status
2021-05-30 12:39:17,042 DEBUG   HandlerThread:15480 [handler.py:handle_request():121] handle_request: stop_status
2021-05-30 12:39:17,042 DEBUG   SenderThread:15480 [sender.py:send_request():186] send_request: stop_status
2021-05-30 12:39:27,801 DEBUG   SenderThread:15480 [sender.py:send():176] send: stats
2021-05-30 12:39:28,417 DEBUG   SenderThread:15480 [sender.py:send():176] send: history
2021-05-30 12:39:28,418 DEBUG   SenderThread:15480 [sender.py:send():176] send: summary
2021-05-30 12:39:28,418 INFO    SenderThread:15480 [sender.py:_save_file():821] saving file wandb-summary.json with policy end
2021-05-30 12:39:28,757 INFO    Thread-12 :15480 [dir_watcher.py:_on_file_modified():229] file/dir modified: C:\Users\robertorg\Documentos\UPM\TFG\Aplicacion\wandb\run-20210530_123755-28ief2tx\files\wandb-summary.json
2021-05-30 12:39:32,388 DEBUG   HandlerThread:15480 [handler.py:handle_request():121] handle_request: stop_status
2021-05-30 12:39:32,388 DEBUG   SenderThread:15480 [sender.py:send_request():186] send_request: stop_status
2021-05-30 12:39:47,645 DEBUG   HandlerThread:15480 [handler.py:handle_request():121] handle_request: stop_status
2021-05-30 12:39:47,645 DEBUG   SenderThread:15480 [sender.py:send_request():186] send_request: stop_status
2021-05-30 12:39:58,323 DEBUG   SenderThread:15480 [sender.py:send():176] send: stats
2021-05-30 12:40:02,905 DEBUG   HandlerThread:15480 [handler.py:handle_request():121] handle_request: stop_status
2021-05-30 12:40:02,905 DEBUG   SenderThread:15480 [sender.py:send_request():186] send_request: stop_status
2021-05-30 12:40:18,174 DEBUG   HandlerThread:15480 [handler.py:handle_request():121] handle_request: stop_status
2021-05-30 12:40:18,174 DEBUG   SenderThread:15480 [sender.py:send_request():186] send_request: stop_status
2021-05-30 12:40:28,831 DEBUG   SenderThread:15480 [sender.py:send():176] send: stats
2021-05-30 12:40:33,619 DEBUG   HandlerThread:15480 [handler.py:handle_request():121] handle_request: stop_status
2021-05-30 12:40:33,619 DEBUG   SenderThread:15480 [sender.py:send_request():186] send_request: stop_status
2021-05-30 12:40:49,184 DEBUG   HandlerThread:15480 [handler.py:handle_request():121] handle_request: stop_status
2021-05-30 12:40:49,184 DEBUG   SenderThread:15480 [sender.py:send_request():186] send_request: stop_status
2021-05-30 12:40:59,348 DEBUG   SenderThread:15480 [sender.py:send():176] send: stats
2021-05-30 12:41:05,363 DEBUG   HandlerThread:15480 [handler.py:handle_request():121] handle_request: stop_status
2021-05-30 12:41:05,363 DEBUG   SenderThread:15480 [sender.py:send_request():186] send_request: stop_status
2021-05-30 12:41:13,996 DEBUG   SenderThread:15480 [sender.py:send():176] send: history
2021-05-30 12:41:13,996 DEBUG   SenderThread:15480 [sender.py:send():176] send: summary
2021-05-30 12:41:13,996 INFO    SenderThread:15480 [sender.py:_save_file():821] saving file wandb-summary.json with policy end
2021-05-30 12:41:14,816 INFO    Thread-12 :15480 [dir_watcher.py:_on_file_modified():229] file/dir modified: C:\Users\robertorg\Documentos\UPM\TFG\Aplicacion\wandb\run-20210530_123755-28ief2tx\files\wandb-summary.json
2021-05-30 12:41:23,538 DEBUG   HandlerThread:15480 [handler.py:handle_request():121] handle_request: stop_status
2021-05-30 12:41:23,538 DEBUG   SenderThread:15480 [sender.py:send_request():186] send_request: stop_status
2021-05-30 12:41:29,875 DEBUG   SenderThread:15480 [sender.py:send():176] send: stats
2021-05-30 12:41:40,678 DEBUG   HandlerThread:15480 [handler.py:handle_request():121] handle_request: stop_status
2021-05-30 12:41:40,678 DEBUG   SenderThread:15480 [sender.py:send_request():186] send_request: stop_status
2021-05-30 12:42:00,398 DEBUG   SenderThread:15480 [sender.py:send():176] send: stats
2021-05-30 12:42:03,960 DEBUG   HandlerThread:15480 [handler.py:handle_request():121] handle_request: stop_status
2021-05-30 12:42:03,960 DEBUG   SenderThread:15480 [sender.py:send_request():186] send_request: stop_status
2021-05-30 12:42:23,348 DEBUG   HandlerThread:15480 [handler.py:handle_request():121] handle_request: stop_status
2021-05-30 12:42:23,348 DEBUG   SenderThread:15480 [sender.py:send_request():186] send_request: stop_status
2021-05-30 12:42:30,923 DEBUG   SenderThread:15480 [sender.py:send():176] send: stats
2021-05-30 12:42:41,639 DEBUG   HandlerThread:15480 [handler.py:handle_request():121] handle_request: stop_status
2021-05-30 12:42:41,639 DEBUG   SenderThread:15480 [sender.py:send_request():186] send_request: stop_status
2021-05-30 12:42:43,373 DEBUG   SenderThread:15480 [sender.py:send():176] send: history
2021-05-30 12:42:43,373 DEBUG   SenderThread:15480 [sender.py:send():176] send: summary
2021-05-30 12:42:43,373 INFO    SenderThread:15480 [sender.py:_save_file():821] saving file wandb-summary.json with policy end
2021-05-30 12:42:43,873 INFO    Thread-12 :15480 [dir_watcher.py:_on_file_modified():229] file/dir modified: C:\Users\robertorg\Documentos\UPM\TFG\Aplicacion\wandb\run-20210530_123755-28ief2tx\files\wandb-summary.json
2021-05-30 12:42:57,119 DEBUG   HandlerThread:15480 [handler.py:handle_request():121] handle_request: stop_status
2021-05-30 12:42:57,119 DEBUG   SenderThread:15480 [sender.py:send_request():186] send_request: stop_status
2021-05-30 12:43:01,453 DEBUG   SenderThread:15480 [sender.py:send():176] send: stats
2021-05-30 12:43:12,645 DEBUG   HandlerThread:15480 [handler.py:handle_request():121] handle_request: stop_status
2021-05-30 12:43:12,645 DEBUG   SenderThread:15480 [sender.py:send_request():186] send_request: stop_status
2021-05-30 12:43:28,407 DEBUG   HandlerThread:15480 [handler.py:handle_request():121] handle_request: stop_status
2021-05-30 12:43:28,407 DEBUG   SenderThread:15480 [sender.py:send_request():186] send_request: stop_status
2021-05-30 12:43:31,975 DEBUG   SenderThread:15480 [sender.py:send():176] send: stats
2021-05-30 12:43:44,060 DEBUG   HandlerThread:15480 [handler.py:handle_request():121] handle_request: stop_status
2021-05-30 12:43:44,060 DEBUG   SenderThread:15480 [sender.py:send_request():186] send_request: stop_status
2021-05-30 12:44:00,355 DEBUG   HandlerThread:15480 [handler.py:handle_request():121] handle_request: stop_status
2021-05-30 12:44:00,355 DEBUG   SenderThread:15480 [sender.py:send_request():186] send_request: stop_status
2021-05-30 12:44:02,509 DEBUG   SenderThread:15480 [sender.py:send():176] send: stats
2021-05-30 12:44:16,176 DEBUG   HandlerThread:15480 [handler.py:handle_request():121] handle_request: stop_status
2021-05-30 12:44:16,176 DEBUG   SenderThread:15480 [sender.py:send_request():186] send_request: stop_status
2021-05-30 12:44:32,290 DEBUG   HandlerThread:15480 [handler.py:handle_request():121] handle_request: stop_status
2021-05-30 12:44:32,290 DEBUG   SenderThread:15480 [sender.py:send_request():186] send_request: stop_status
2021-05-30 12:44:33,039 DEBUG   SenderThread:15480 [sender.py:send():176] send: stats
2021-05-30 12:44:47,723 DEBUG   HandlerThread:15480 [handler.py:handle_request():121] handle_request: stop_status
2021-05-30 12:44:47,723 DEBUG   SenderThread:15480 [sender.py:send_request():186] send_request: stop_status
2021-05-30 12:45:03,418 DEBUG   HandlerThread:15480 [handler.py:handle_request():121] handle_request: stop_status
2021-05-30 12:45:03,418 DEBUG   SenderThread:15480 [sender.py:send_request():186] send_request: stop_status
2021-05-30 12:45:06,901 DEBUG   SenderThread:15480 [sender.py:send():176] send: stats
2021-05-30 12:45:21,901 DEBUG   HandlerThread:15480 [handler.py:handle_request():121] handle_request: stop_status
2021-05-30 12:45:21,901 DEBUG   SenderThread:15480 [sender.py:send_request():186] send_request: stop_status
2021-05-30 12:45:34,100 DEBUG   SenderThread:15480 [sender.py:send():176] send: stats
2021-05-30 12:45:37,315 DEBUG   HandlerThread:15480 [handler.py:handle_request():121] handle_request: stop_status
2021-05-30 12:45:37,315 DEBUG   SenderThread:15480 [sender.py:send_request():186] send_request: stop_status
2021-05-30 12:45:52,805 DEBUG   HandlerThread:15480 [handler.py:handle_request():121] handle_request: stop_status
2021-05-30 12:45:52,805 DEBUG   SenderThread:15480 [sender.py:send_request():186] send_request: stop_status
2021-05-30 12:46:04,627 DEBUG   SenderThread:15480 [sender.py:send():176] send: stats
2021-05-30 12:46:09,450 DEBUG   HandlerThread:15480 [handler.py:handle_request():121] handle_request: stop_status
2021-05-30 12:46:09,450 DEBUG   SenderThread:15480 [sender.py:send_request():186] send_request: stop_status
2021-05-30 12:46:31,565 DEBUG   HandlerThread:15480 [handler.py:handle_request():121] handle_request: stop_status
2021-05-30 12:46:31,565 DEBUG   SenderThread:15480 [sender.py:send_request():186] send_request: stop_status
2021-05-30 12:46:35,148 DEBUG   SenderThread:15480 [sender.py:send():176] send: stats
2021-05-30 12:46:36,747 DEBUG   SenderThread:15480 [sender.py:send():176] send: history
2021-05-30 12:46:36,748 DEBUG   SenderThread:15480 [sender.py:send():176] send: summary
2021-05-30 12:46:36,748 INFO    SenderThread:15480 [sender.py:_save_file():821] saving file wandb-summary.json with policy end
2021-05-30 12:46:36,991 INFO    Thread-12 :15480 [dir_watcher.py:_on_file_modified():229] file/dir modified: C:\Users\robertorg\Documentos\UPM\TFG\Aplicacion\wandb\run-20210530_123755-28ief2tx\files\wandb-summary.json
2021-05-30 12:46:46,924 DEBUG   HandlerThread:15480 [handler.py:handle_request():121] handle_request: stop_status
2021-05-30 12:46:46,924 DEBUG   SenderThread:15480 [sender.py:send_request():186] send_request: stop_status
2021-05-30 12:47:04,708 DEBUG   HandlerThread:15480 [handler.py:handle_request():121] handle_request: stop_status
2021-05-30 12:47:04,708 DEBUG   SenderThread:15480 [sender.py:send_request():186] send_request: stop_status
2021-05-30 12:47:10,721 DEBUG   SenderThread:15480 [sender.py:send():176] send: stats
2021-05-30 12:47:10,722 DEBUG   SenderThread:15480 [sender.py:send():176] send: history
2021-05-30 12:47:10,722 DEBUG   SenderThread:15480 [sender.py:send():176] send: summary
2021-05-30 12:47:10,723 INFO    SenderThread:15480 [sender.py:_save_file():821] saving file wandb-summary.json with policy end
2021-05-30 12:47:11,011 INFO    Thread-12 :15480 [dir_watcher.py:_on_file_modified():229] file/dir modified: C:\Users\robertorg\Documentos\UPM\TFG\Aplicacion\wandb\run-20210530_123755-28ief2tx\files\wandb-summary.json
2021-05-30 12:47:25,722 DEBUG   HandlerThread:15480 [handler.py:handle_request():121] handle_request: stop_status
2021-05-30 12:47:25,722 DEBUG   SenderThread:15480 [sender.py:send_request():186] send_request: stop_status
2021-05-30 12:47:36,204 DEBUG   SenderThread:15480 [sender.py:send():176] send: stats
2021-05-30 12:47:42,646 DEBUG   HandlerThread:15480 [handler.py:handle_request():121] handle_request: stop_status
2021-05-30 12:47:42,646 DEBUG   SenderThread:15480 [sender.py:send_request():186] send_request: stop_status
2021-05-30 12:48:00,862 DEBUG   HandlerThread:15480 [handler.py:handle_request():121] handle_request: stop_status
2021-05-30 12:48:00,862 DEBUG   SenderThread:15480 [sender.py:send_request():186] send_request: stop_status
2021-05-30 12:48:06,722 DEBUG   SenderThread:15480 [sender.py:send():176] send: stats
2021-05-30 12:48:15,019 DEBUG   SenderThread:15480 [sender.py:send():176] send: history
2021-05-30 12:48:15,020 DEBUG   SenderThread:15480 [sender.py:send():176] send: summary
2021-05-30 12:48:15,020 INFO    SenderThread:15480 [sender.py:_save_file():821] saving file wandb-summary.json with policy end
2021-05-30 12:48:15,047 INFO    Thread-12 :15480 [dir_watcher.py:_on_file_modified():229] file/dir modified: C:\Users\robertorg\Documentos\UPM\TFG\Aplicacion\wandb\run-20210530_123755-28ief2tx\files\wandb-summary.json
2021-05-30 12:48:16,535 DEBUG   HandlerThread:15480 [handler.py:handle_request():121] handle_request: stop_status
2021-05-30 12:48:16,535 DEBUG   SenderThread:15480 [sender.py:send_request():186] send_request: stop_status
2021-05-30 12:48:32,568 DEBUG   HandlerThread:15480 [handler.py:handle_request():121] handle_request: stop_status
2021-05-30 12:48:32,568 DEBUG   SenderThread:15480 [sender.py:send_request():186] send_request: stop_status
2021-05-30 12:48:37,236 DEBUG   SenderThread:15480 [sender.py:send():176] send: stats
2021-05-30 12:48:49,426 DEBUG   HandlerThread:15480 [handler.py:handle_request():121] handle_request: stop_status
2021-05-30 12:48:49,426 DEBUG   SenderThread:15480 [sender.py:send_request():186] send_request: stop_status
2021-05-30 12:49:07,733 DEBUG   SenderThread:15480 [sender.py:send():176] send: stats
2021-05-30 12:49:13,245 DEBUG   HandlerThread:15480 [handler.py:handle_request():121] handle_request: stop_status
2021-05-30 12:49:13,245 DEBUG   SenderThread:15480 [sender.py:send_request():186] send_request: stop_status
2021-05-30 12:49:35,595 DEBUG   HandlerThread:15480 [handler.py:handle_request():121] handle_request: stop_status
2021-05-30 12:49:35,595 DEBUG   SenderThread:15480 [sender.py:send_request():186] send_request: stop_status
2021-05-30 12:49:40,419 DEBUG   SenderThread:15480 [sender.py:send():176] send: stats
2021-05-30 12:49:55,427 DEBUG   HandlerThread:15480 [handler.py:handle_request():121] handle_request: stop_status
2021-05-30 12:49:55,427 DEBUG   SenderThread:15480 [sender.py:send_request():186] send_request: stop_status
2021-05-30 12:50:08,765 DEBUG   SenderThread:15480 [sender.py:send():176] send: stats
2021-05-30 12:50:12,759 DEBUG   HandlerThread:15480 [handler.py:handle_request():121] handle_request: stop_status
2021-05-30 12:50:12,759 DEBUG   SenderThread:15480 [sender.py:send_request():186] send_request: stop_status
2021-05-30 12:50:30,100 DEBUG   HandlerThread:15480 [handler.py:handle_request():121] handle_request: stop_status
2021-05-30 12:50:30,100 DEBUG   SenderThread:15480 [sender.py:send_request():186] send_request: stop_status
2021-05-30 12:51:15,522 DEBUG   SenderThread:15480 [sender.py:send():176] send: stats
2021-05-30 12:51:15,522 DEBUG   SenderThread:15480 [sender.py:send():176] send: stats
2021-05-30 12:51:30,523 DEBUG   HandlerThread:15480 [handler.py:handle_request():121] handle_request: stop_status
2021-05-30 12:51:30,523 DEBUG   SenderThread:15480 [sender.py:send_request():186] send_request: stop_status
2021-05-30 12:51:40,165 DEBUG   SenderThread:15480 [sender.py:send():176] send: history
2021-05-30 12:51:40,166 DEBUG   SenderThread:15480 [sender.py:send():176] send: summary
2021-05-30 12:51:40,166 INFO    SenderThread:15480 [sender.py:_save_file():821] saving file wandb-summary.json with policy end
2021-05-30 12:51:40,184 INFO    Thread-12 :15480 [dir_watcher.py:_on_file_modified():229] file/dir modified: C:\Users\robertorg\Documentos\UPM\TFG\Aplicacion\wandb\run-20210530_123755-28ief2tx\files\wandb-summary.json
2021-05-30 12:51:40,303 DEBUG   SenderThread:15480 [sender.py:send():176] send: stats
2021-05-30 12:51:47,484 DEBUG   HandlerThread:15480 [handler.py:handle_request():121] handle_request: stop_status
2021-05-30 12:51:47,484 DEBUG   SenderThread:15480 [sender.py:send_request():186] send_request: stop_status
2021-05-30 12:52:02,825 DEBUG   HandlerThread:15480 [handler.py:handle_request():121] handle_request: stop_status
2021-05-30 12:52:02,825 DEBUG   SenderThread:15480 [sender.py:send_request():186] send_request: stop_status
2021-05-30 12:52:10,821 DEBUG   SenderThread:15480 [sender.py:send():176] send: stats
2021-05-30 12:52:19,146 DEBUG   HandlerThread:15480 [handler.py:handle_request():121] handle_request: stop_status
2021-05-30 12:52:19,146 DEBUG   SenderThread:15480 [sender.py:send_request():186] send_request: stop_status
2021-05-30 12:52:35,488 DEBUG   HandlerThread:15480 [handler.py:handle_request():121] handle_request: stop_status
2021-05-30 12:52:35,488 DEBUG   SenderThread:15480 [sender.py:send_request():186] send_request: stop_status
2021-05-30 12:52:41,325 DEBUG   SenderThread:15480 [sender.py:send():176] send: stats
2021-05-30 12:52:51,881 DEBUG   HandlerThread:15480 [handler.py:handle_request():121] handle_request: stop_status
2021-05-30 12:52:51,881 DEBUG   SenderThread:15480 [sender.py:send_request():186] send_request: stop_status
2021-05-30 12:53:07,515 DEBUG   HandlerThread:15480 [handler.py:handle_request():121] handle_request: stop_status
2021-05-30 12:53:07,515 DEBUG   SenderThread:15480 [sender.py:send_request():186] send_request: stop_status
2021-05-30 12:53:12,826 DEBUG   SenderThread:15480 [sender.py:send():176] send: stats
2021-05-30 12:53:27,826 DEBUG   HandlerThread:15480 [handler.py:handle_request():121] handle_request: stop_status
2021-05-30 12:53:27,826 DEBUG   SenderThread:15480 [sender.py:send_request():186] send_request: stop_status
2021-05-30 12:53:42,340 DEBUG   SenderThread:15480 [sender.py:send():176] send: stats
2021-05-30 12:53:44,671 DEBUG   HandlerThread:15480 [handler.py:handle_request():121] handle_request: stop_status
2021-05-30 12:53:44,671 DEBUG   SenderThread:15480 [sender.py:send_request():186] send_request: stop_status
2021-05-30 12:54:00,390 DEBUG   HandlerThread:15480 [handler.py:handle_request():121] handle_request: stop_status
2021-05-30 12:54:00,390 DEBUG   SenderThread:15480 [sender.py:send_request():186] send_request: stop_status
2021-05-30 12:54:12,855 DEBUG   SenderThread:15480 [sender.py:send():176] send: stats
2021-05-30 12:54:16,230 DEBUG   HandlerThread:15480 [handler.py:handle_request():121] handle_request: stop_status
2021-05-30 12:54:16,230 DEBUG   SenderThread:15480 [sender.py:send_request():186] send_request: stop_status
2021-05-30 12:54:33,231 DEBUG   HandlerThread:15480 [handler.py:handle_request():121] handle_request: stop_status
2021-05-30 12:54:33,231 DEBUG   SenderThread:15480 [sender.py:send_request():186] send_request: stop_status
2021-05-30 12:54:43,384 DEBUG   SenderThread:15480 [sender.py:send():176] send: stats
2021-05-30 12:54:48,955 DEBUG   HandlerThread:15480 [handler.py:handle_request():121] handle_request: stop_status
2021-05-30 12:54:48,955 DEBUG   SenderThread:15480 [sender.py:send_request():186] send_request: stop_status
2021-05-30 12:55:05,168 DEBUG   HandlerThread:15480 [handler.py:handle_request():121] handle_request: stop_status
2021-05-30 12:55:05,168 DEBUG   SenderThread:15480 [sender.py:send_request():186] send_request: stop_status
2021-05-30 12:55:15,207 DEBUG   SenderThread:15480 [sender.py:send():176] send: stats
2021-05-30 12:55:30,208 DEBUG   HandlerThread:15480 [handler.py:handle_request():121] handle_request: stop_status
2021-05-30 12:55:30,208 DEBUG   SenderThread:15480 [sender.py:send_request():186] send_request: stop_status
2021-05-30 12:55:44,368 DEBUG   SenderThread:15480 [sender.py:send():176] send: stats
2021-05-30 12:55:50,825 DEBUG   HandlerThread:15480 [handler.py:handle_request():121] handle_request: stop_status
2021-05-30 12:55:50,825 DEBUG   SenderThread:15480 [sender.py:send_request():186] send_request: stop_status
2021-05-30 12:56:39,884 DEBUG   SenderThread:15480 [sender.py:send():176] send: history
2021-05-30 12:56:39,884 DEBUG   SenderThread:15480 [sender.py:send():176] send: summary
2021-05-30 12:56:39,884 INFO    SenderThread:15480 [sender.py:_save_file():821] saving file wandb-summary.json with policy end
2021-05-30 12:56:39,885 DEBUG   SenderThread:15480 [sender.py:send():176] send: stats
2021-05-30 12:56:40,350 INFO    Thread-12 :15480 [dir_watcher.py:_on_file_modified():229] file/dir modified: C:\Users\robertorg\Documentos\UPM\TFG\Aplicacion\wandb\run-20210530_123755-28ief2tx\files\wandb-summary.json
2021-05-30 12:56:45,374 DEBUG   SenderThread:15480 [sender.py:send():176] send: stats
2021-05-30 12:56:54,885 DEBUG   HandlerThread:15480 [handler.py:handle_request():121] handle_request: stop_status
2021-05-30 12:56:54,885 DEBUG   SenderThread:15480 [sender.py:send_request():186] send_request: stop_status
2021-05-30 12:57:12,965 DEBUG   HandlerThread:15480 [handler.py:handle_request():121] handle_request: stop_status
2021-05-30 12:57:12,965 DEBUG   SenderThread:15480 [sender.py:send_request():186] send_request: stop_status
2021-05-30 12:57:22,796 DEBUG   SenderThread:15480 [sender.py:send():176] send: stats
2021-05-30 12:57:27,371 DEBUG   SenderThread:15480 [sender.py:send():176] send: history
2021-05-30 12:57:27,372 DEBUG   SenderThread:15480 [sender.py:send():176] send: summary
2021-05-30 12:57:27,372 INFO    SenderThread:15480 [sender.py:_save_file():821] saving file wandb-summary.json with policy end
2021-05-30 12:57:27,378 INFO    Thread-12 :15480 [dir_watcher.py:_on_file_modified():229] file/dir modified: C:\Users\robertorg\Documentos\UPM\TFG\Aplicacion\wandb\run-20210530_123755-28ief2tx\files\wandb-summary.json
2021-05-30 12:57:37,798 DEBUG   HandlerThread:15480 [handler.py:handle_request():121] handle_request: stop_status
2021-05-30 12:57:37,798 DEBUG   SenderThread:15480 [sender.py:send_request():186] send_request: stop_status
2021-05-30 12:57:46,440 DEBUG   SenderThread:15480 [sender.py:send():176] send: stats
2021-05-30 12:58:01,442 DEBUG   HandlerThread:15480 [handler.py:handle_request():121] handle_request: stop_status
2021-05-30 12:58:01,442 DEBUG   SenderThread:15480 [sender.py:send_request():186] send_request: stop_status
2021-05-30 12:58:16,860 DEBUG   SenderThread:15480 [sender.py:send():176] send: stats
2021-05-30 12:58:18,679 DEBUG   HandlerThread:15480 [handler.py:handle_request():121] handle_request: stop_status
2021-05-30 12:58:18,679 DEBUG   SenderThread:15480 [sender.py:send_request():186] send_request: stop_status
2021-05-30 12:58:47,356 DEBUG   SenderThread:15480 [sender.py:send():176] send: stats
2021-05-30 12:58:54,361 DEBUG   HandlerThread:15480 [handler.py:handle_request():121] handle_request: stop_status
2021-05-30 12:58:54,362 DEBUG   SenderThread:15480 [sender.py:send_request():186] send_request: stop_status
2021-05-30 12:59:17,852 DEBUG   SenderThread:15480 [sender.py:send():176] send: stats
2021-05-30 12:59:32,119 DEBUG   HandlerThread:15480 [handler.py:handle_request():121] handle_request: stop_status
2021-05-30 12:59:32,119 DEBUG   SenderThread:15480 [sender.py:send_request():186] send_request: stop_status
2021-05-30 12:59:35,983 DEBUG   SenderThread:15480 [sender.py:send():176] send: history
2021-05-30 12:59:35,983 DEBUG   SenderThread:15480 [sender.py:send():176] send: summary
2021-05-30 12:59:35,984 INFO    SenderThread:15480 [sender.py:_save_file():821] saving file wandb-summary.json with policy end
2021-05-30 12:59:36,444 INFO    Thread-12 :15480 [dir_watcher.py:_on_file_modified():229] file/dir modified: C:\Users\robertorg\Documentos\UPM\TFG\Aplicacion\wandb\run-20210530_123755-28ief2tx\files\wandb-summary.json
2021-05-30 12:59:47,426 DEBUG   HandlerThread:15480 [handler.py:handle_request():121] handle_request: stop_status
2021-05-30 12:59:47,426 DEBUG   SenderThread:15480 [sender.py:send_request():186] send_request: stop_status
2021-05-30 12:59:48,356 DEBUG   SenderThread:15480 [sender.py:send():176] send: stats
2021-05-30 13:00:02,686 DEBUG   HandlerThread:15480 [handler.py:handle_request():121] handle_request: stop_status
2021-05-30 13:00:02,686 DEBUG   SenderThread:15480 [sender.py:send_request():186] send_request: stop_status
2021-05-30 13:00:18,048 DEBUG   HandlerThread:15480 [handler.py:handle_request():121] handle_request: stop_status
2021-05-30 13:00:18,048 DEBUG   SenderThread:15480 [sender.py:send_request():186] send_request: stop_status
2021-05-30 13:00:18,851 DEBUG   SenderThread:15480 [sender.py:send():176] send: stats
2021-05-30 13:00:33,364 DEBUG   HandlerThread:15480 [handler.py:handle_request():121] handle_request: stop_status
2021-05-30 13:00:33,364 DEBUG   SenderThread:15480 [sender.py:send_request():186] send_request: stop_status
2021-05-30 13:00:48,603 DEBUG   HandlerThread:15480 [handler.py:handle_request():121] handle_request: stop_status
2021-05-30 13:00:48,603 DEBUG   SenderThread:15480 [sender.py:send_request():186] send_request: stop_status
2021-05-30 13:00:49,347 DEBUG   SenderThread:15480 [sender.py:send():176] send: stats
2021-05-30 13:00:49,390 DEBUG   SenderThread:15480 [sender.py:send():176] send: history
2021-05-30 13:00:49,390 DEBUG   SenderThread:15480 [sender.py:send():176] send: summary
2021-05-30 13:00:49,391 INFO    SenderThread:15480 [sender.py:_save_file():821] saving file wandb-summary.json with policy end
2021-05-30 13:00:49,486 INFO    Thread-12 :15480 [dir_watcher.py:_on_file_modified():229] file/dir modified: C:\Users\robertorg\Documentos\UPM\TFG\Aplicacion\wandb\run-20210530_123755-28ief2tx\files\wandb-summary.json
2021-05-30 13:01:03,870 DEBUG   HandlerThread:15480 [handler.py:handle_request():121] handle_request: stop_status
2021-05-30 13:01:03,870 DEBUG   SenderThread:15480 [sender.py:send_request():186] send_request: stop_status
2021-05-30 13:01:19,154 DEBUG   HandlerThread:15480 [handler.py:handle_request():121] handle_request: stop_status
2021-05-30 13:01:19,154 DEBUG   SenderThread:15480 [sender.py:send_request():186] send_request: stop_status
2021-05-30 13:01:20,124 DEBUG   SenderThread:15480 [sender.py:send():176] send: stats
2021-05-30 13:01:35,126 DEBUG   HandlerThread:15480 [handler.py:handle_request():121] handle_request: stop_status
2021-05-30 13:01:35,126 DEBUG   SenderThread:15480 [sender.py:send_request():186] send_request: stop_status
2021-05-30 13:01:46,596 DEBUG   SenderThread:15480 [sender.py:send():176] send: history
2021-05-30 13:01:46,596 DEBUG   SenderThread:15480 [sender.py:send():176] send: summary
2021-05-30 13:01:46,597 INFO    SenderThread:15480 [sender.py:_save_file():821] saving file wandb-summary.json with policy end
2021-05-30 13:01:47,523 INFO    Thread-12 :15480 [dir_watcher.py:_on_file_modified():229] file/dir modified: C:\Users\robertorg\Documentos\UPM\TFG\Aplicacion\wandb\run-20210530_123755-28ief2tx\files\wandb-summary.json
2021-05-30 13:01:50,322 DEBUG   SenderThread:15480 [sender.py:send():176] send: stats
2021-05-30 13:01:50,390 DEBUG   HandlerThread:15480 [handler.py:handle_request():121] handle_request: stop_status
2021-05-30 13:01:50,390 DEBUG   SenderThread:15480 [sender.py:send_request():186] send_request: stop_status
2021-05-30 13:02:05,700 DEBUG   HandlerThread:15480 [handler.py:handle_request():121] handle_request: stop_status
2021-05-30 13:02:05,700 DEBUG   SenderThread:15480 [sender.py:send_request():186] send_request: stop_status
2021-05-30 13:02:20,833 DEBUG   SenderThread:15480 [sender.py:send():176] send: stats
2021-05-30 13:02:21,033 DEBUG   HandlerThread:15480 [handler.py:handle_request():121] handle_request: stop_status
2021-05-30 13:02:21,033 DEBUG   SenderThread:15480 [sender.py:send_request():186] send_request: stop_status
2021-05-30 13:02:36,282 DEBUG   HandlerThread:15480 [handler.py:handle_request():121] handle_request: stop_status
2021-05-30 13:02:36,282 DEBUG   SenderThread:15480 [sender.py:send_request():186] send_request: stop_status
2021-05-30 13:02:51,361 DEBUG   SenderThread:15480 [sender.py:send():176] send: stats
2021-05-30 13:02:51,540 DEBUG   HandlerThread:15480 [handler.py:handle_request():121] handle_request: stop_status
2021-05-30 13:02:51,540 DEBUG   SenderThread:15480 [sender.py:send_request():186] send_request: stop_status
2021-05-30 13:03:06,803 DEBUG   HandlerThread:15480 [handler.py:handle_request():121] handle_request: stop_status
2021-05-30 13:03:06,803 DEBUG   SenderThread:15480 [sender.py:send_request():186] send_request: stop_status
2021-05-30 13:03:21,863 DEBUG   SenderThread:15480 [sender.py:send():176] send: stats
2021-05-30 13:03:22,061 DEBUG   HandlerThread:15480 [handler.py:handle_request():121] handle_request: stop_status
2021-05-30 13:03:22,061 DEBUG   SenderThread:15480 [sender.py:send_request():186] send_request: stop_status
2021-05-30 13:03:37,333 DEBUG   HandlerThread:15480 [handler.py:handle_request():121] handle_request: stop_status
2021-05-30 13:03:37,333 DEBUG   SenderThread:15480 [sender.py:send_request():186] send_request: stop_status
2021-05-30 13:03:52,368 DEBUG   SenderThread:15480 [sender.py:send():176] send: stats
2021-05-30 13:03:54,594 DEBUG   HandlerThread:15480 [handler.py:handle_request():121] handle_request: stop_status
2021-05-30 13:03:54,594 DEBUG   SenderThread:15480 [sender.py:send_request():186] send_request: stop_status
2021-05-30 13:04:09,856 DEBUG   HandlerThread:15480 [handler.py:handle_request():121] handle_request: stop_status
2021-05-30 13:04:09,856 DEBUG   SenderThread:15480 [sender.py:send_request():186] send_request: stop_status
2021-05-30 13:04:22,877 DEBUG   SenderThread:15480 [sender.py:send():176] send: stats
2021-05-30 13:04:25,102 DEBUG   HandlerThread:15480 [handler.py:handle_request():121] handle_request: stop_status
2021-05-30 13:04:25,102 DEBUG   SenderThread:15480 [sender.py:send_request():186] send_request: stop_status
2021-05-30 13:04:40,380 DEBUG   HandlerThread:15480 [handler.py:handle_request():121] handle_request: stop_status
2021-05-30 13:04:40,380 DEBUG   SenderThread:15480 [sender.py:send_request():186] send_request: stop_status
2021-05-30 13:04:53,376 DEBUG   SenderThread:15480 [sender.py:send():176] send: stats
2021-05-30 13:04:55,652 DEBUG   HandlerThread:15480 [handler.py:handle_request():121] handle_request: stop_status
2021-05-30 13:04:55,652 DEBUG   SenderThread:15480 [sender.py:send_request():186] send_request: stop_status
2021-05-30 13:05:10,964 DEBUG   HandlerThread:15480 [handler.py:handle_request():121] handle_request: stop_status
2021-05-30 13:05:10,964 DEBUG   SenderThread:15480 [sender.py:send_request():186] send_request: stop_status
2021-05-30 13:05:23,886 DEBUG   SenderThread:15480 [sender.py:send():176] send: stats
2021-05-30 13:05:26,228 DEBUG   HandlerThread:15480 [handler.py:handle_request():121] handle_request: stop_status
2021-05-30 13:05:26,228 DEBUG   SenderThread:15480 [sender.py:send_request():186] send_request: stop_status
2021-05-30 13:05:41,577 DEBUG   HandlerThread:15480 [handler.py:handle_request():121] handle_request: stop_status
2021-05-30 13:05:41,577 DEBUG   SenderThread:15480 [sender.py:send_request():186] send_request: stop_status
2021-05-30 13:05:54,397 DEBUG   SenderThread:15480 [sender.py:send():176] send: stats
2021-05-30 13:05:56,825 DEBUG   HandlerThread:15480 [handler.py:handle_request():121] handle_request: stop_status
2021-05-30 13:05:56,826 DEBUG   SenderThread:15480 [sender.py:send_request():186] send_request: stop_status
2021-05-30 13:06:12,087 DEBUG   HandlerThread:15480 [handler.py:handle_request():121] handle_request: stop_status
2021-05-30 13:06:12,087 DEBUG   SenderThread:15480 [sender.py:send_request():186] send_request: stop_status
2021-05-30 13:06:13,558 DEBUG   SenderThread:15480 [sender.py:send():176] send: history
2021-05-30 13:06:13,558 DEBUG   SenderThread:15480 [sender.py:send():176] send: summary
2021-05-30 13:06:13,559 INFO    SenderThread:15480 [sender.py:_save_file():821] saving file wandb-summary.json with policy end
2021-05-30 13:06:13,680 INFO    Thread-12 :15480 [dir_watcher.py:_on_file_modified():229] file/dir modified: C:\Users\robertorg\Documentos\UPM\TFG\Aplicacion\wandb\run-20210530_123755-28ief2tx\files\wandb-summary.json
2021-05-30 13:06:24,902 DEBUG   SenderThread:15480 [sender.py:send():176] send: stats
2021-05-30 13:06:27,377 DEBUG   HandlerThread:15480 [handler.py:handle_request():121] handle_request: stop_status
2021-05-30 13:06:27,377 DEBUG   SenderThread:15480 [sender.py:send_request():186] send_request: stop_status
2021-05-30 13:06:42,647 DEBUG   HandlerThread:15480 [handler.py:handle_request():121] handle_request: stop_status
2021-05-30 13:06:42,647 DEBUG   SenderThread:15480 [sender.py:send_request():186] send_request: stop_status
2021-05-30 13:06:55,412 DEBUG   SenderThread:15480 [sender.py:send():176] send: stats
2021-05-30 13:06:57,848 DEBUG   HandlerThread:15480 [handler.py:handle_request():121] handle_request: stop_status
2021-05-30 13:06:57,848 DEBUG   SenderThread:15480 [sender.py:send_request():186] send_request: stop_status
2021-05-30 13:07:13,053 DEBUG   HandlerThread:15480 [handler.py:handle_request():121] handle_request: stop_status
2021-05-30 13:07:13,053 DEBUG   SenderThread:15480 [sender.py:send_request():186] send_request: stop_status
2021-05-30 13:07:25,920 DEBUG   SenderThread:15480 [sender.py:send():176] send: stats
2021-05-30 13:07:28,280 DEBUG   HandlerThread:15480 [handler.py:handle_request():121] handle_request: stop_status
2021-05-30 13:07:28,280 DEBUG   SenderThread:15480 [sender.py:send_request():186] send_request: stop_status
2021-05-30 13:07:43,499 DEBUG   HandlerThread:15480 [handler.py:handle_request():121] handle_request: stop_status
2021-05-30 13:07:43,499 DEBUG   SenderThread:15480 [sender.py:send_request():186] send_request: stop_status
2021-05-30 13:07:56,420 DEBUG   SenderThread:15480 [sender.py:send():176] send: stats
2021-05-30 13:07:58,705 DEBUG   HandlerThread:15480 [handler.py:handle_request():121] handle_request: stop_status
2021-05-30 13:07:58,705 DEBUG   SenderThread:15480 [sender.py:send_request():186] send_request: stop_status
2021-05-30 13:08:13,905 DEBUG   HandlerThread:15480 [handler.py:handle_request():121] handle_request: stop_status
2021-05-30 13:08:13,905 DEBUG   SenderThread:15480 [sender.py:send_request():186] send_request: stop_status
2021-05-30 13:08:26,941 DEBUG   SenderThread:15480 [sender.py:send():176] send: stats
2021-05-30 13:08:29,108 DEBUG   HandlerThread:15480 [handler.py:handle_request():121] handle_request: stop_status
2021-05-30 13:08:29,108 DEBUG   SenderThread:15480 [sender.py:send_request():186] send_request: stop_status
2021-05-30 13:08:44,328 DEBUG   HandlerThread:15480 [handler.py:handle_request():121] handle_request: stop_status
2021-05-30 13:08:44,328 DEBUG   SenderThread:15480 [sender.py:send_request():186] send_request: stop_status
2021-05-30 13:08:57,446 DEBUG   SenderThread:15480 [sender.py:send():176] send: stats
2021-05-30 13:08:59,544 DEBUG   HandlerThread:15480 [handler.py:handle_request():121] handle_request: stop_status
2021-05-30 13:08:59,544 DEBUG   SenderThread:15480 [sender.py:send_request():186] send_request: stop_status
2021-05-30 13:09:14,777 DEBUG   HandlerThread:15480 [handler.py:handle_request():121] handle_request: stop_status
2021-05-30 13:09:14,777 DEBUG   SenderThread:15480 [sender.py:send_request():186] send_request: stop_status
2021-05-30 13:09:27,943 DEBUG   SenderThread:15480 [sender.py:send():176] send: stats
2021-05-30 13:09:30,078 DEBUG   HandlerThread:15480 [handler.py:handle_request():121] handle_request: stop_status
2021-05-30 13:09:30,078 DEBUG   SenderThread:15480 [sender.py:send_request():186] send_request: stop_status
2021-05-30 13:09:45,293 DEBUG   HandlerThread:15480 [handler.py:handle_request():121] handle_request: stop_status
2021-05-30 13:09:45,293 DEBUG   SenderThread:15480 [sender.py:send_request():186] send_request: stop_status
2021-05-30 13:09:58,482 DEBUG   SenderThread:15480 [sender.py:send():176] send: stats
2021-05-30 13:10:00,522 DEBUG   HandlerThread:15480 [handler.py:handle_request():121] handle_request: stop_status
2021-05-30 13:10:00,522 DEBUG   SenderThread:15480 [sender.py:send_request():186] send_request: stop_status
2021-05-30 13:10:15,727 DEBUG   HandlerThread:15480 [handler.py:handle_request():121] handle_request: stop_status
2021-05-30 13:10:15,727 DEBUG   SenderThread:15480 [sender.py:send_request():186] send_request: stop_status
2021-05-30 13:10:29,002 DEBUG   SenderThread:15480 [sender.py:send():176] send: stats
2021-05-30 13:10:30,949 DEBUG   HandlerThread:15480 [handler.py:handle_request():121] handle_request: stop_status
2021-05-30 13:10:30,949 DEBUG   SenderThread:15480 [sender.py:send_request():186] send_request: stop_status
2021-05-30 13:10:35,378 DEBUG   SenderThread:15480 [sender.py:send():176] send: history
2021-05-30 13:10:35,379 DEBUG   SenderThread:15480 [sender.py:send():176] send: summary
2021-05-30 13:10:35,379 INFO    SenderThread:15480 [sender.py:_save_file():821] saving file wandb-summary.json with policy end
2021-05-30 13:10:35,846 INFO    Thread-12 :15480 [dir_watcher.py:_on_file_modified():229] file/dir modified: C:\Users\robertorg\Documentos\UPM\TFG\Aplicacion\wandb\run-20210530_123755-28ief2tx\files\wandb-summary.json
2021-05-30 13:10:46,153 DEBUG   HandlerThread:15480 [handler.py:handle_request():121] handle_request: stop_status
2021-05-30 13:10:46,153 DEBUG   SenderThread:15480 [sender.py:send_request():186] send_request: stop_status
2021-05-30 13:10:59,501 DEBUG   SenderThread:15480 [sender.py:send():176] send: stats
2021-05-30 13:11:01,356 DEBUG   HandlerThread:15480 [handler.py:handle_request():121] handle_request: stop_status
2021-05-30 13:11:01,356 DEBUG   SenderThread:15480 [sender.py:send_request():186] send_request: stop_status
2021-05-30 13:11:02,986 DEBUG   SenderThread:15480 [sender.py:send():176] send: history
2021-05-30 13:11:02,986 DEBUG   SenderThread:15480 [sender.py:send():176] send: summary
2021-05-30 13:11:02,987 INFO    SenderThread:15480 [sender.py:_save_file():821] saving file wandb-summary.json with policy end
2021-05-30 13:11:03,860 INFO    Thread-12 :15480 [dir_watcher.py:_on_file_modified():229] file/dir modified: C:\Users\robertorg\Documentos\UPM\TFG\Aplicacion\wandb\run-20210530_123755-28ief2tx\files\wandb-summary.json
2021-05-30 13:11:16,590 DEBUG   HandlerThread:15480 [handler.py:handle_request():121] handle_request: stop_status
2021-05-30 13:11:16,590 DEBUG   SenderThread:15480 [sender.py:send_request():186] send_request: stop_status
2021-05-30 13:11:30,012 DEBUG   SenderThread:15480 [sender.py:send():176] send: stats
2021-05-30 13:11:31,838 DEBUG   HandlerThread:15480 [handler.py:handle_request():121] handle_request: stop_status
2021-05-30 13:11:31,838 DEBUG   SenderThread:15480 [sender.py:send_request():186] send_request: stop_status
2021-05-30 13:11:47,098 DEBUG   HandlerThread:15480 [handler.py:handle_request():121] handle_request: stop_status
2021-05-30 13:11:47,098 DEBUG   SenderThread:15480 [sender.py:send_request():186] send_request: stop_status
2021-05-30 13:12:00,510 DEBUG   SenderThread:15480 [sender.py:send():176] send: stats
2021-05-30 13:12:02,300 DEBUG   HandlerThread:15480 [handler.py:handle_request():121] handle_request: stop_status
2021-05-30 13:12:02,300 DEBUG   SenderThread:15480 [sender.py:send_request():186] send_request: stop_status
2021-05-30 13:12:17,509 DEBUG   HandlerThread:15480 [handler.py:handle_request():121] handle_request: stop_status
2021-05-30 13:12:17,509 DEBUG   SenderThread:15480 [sender.py:send_request():186] send_request: stop_status
2021-05-30 13:12:23,084 DEBUG   SenderThread:15480 [sender.py:send():176] send: history
2021-05-30 13:12:23,084 DEBUG   SenderThread:15480 [sender.py:send():176] send: summary
2021-05-30 13:12:23,085 INFO    SenderThread:15480 [sender.py:_save_file():821] saving file wandb-summary.json with policy end
2021-05-30 13:12:23,904 INFO    Thread-12 :15480 [dir_watcher.py:_on_file_modified():229] file/dir modified: C:\Users\robertorg\Documentos\UPM\TFG\Aplicacion\wandb\run-20210530_123755-28ief2tx\files\wandb-summary.json
2021-05-30 13:12:31,020 DEBUG   SenderThread:15480 [sender.py:send():176] send: stats
2021-05-30 13:12:32,723 DEBUG   HandlerThread:15480 [handler.py:handle_request():121] handle_request: stop_status
2021-05-30 13:12:32,723 DEBUG   SenderThread:15480 [sender.py:send_request():186] send_request: stop_status
2021-05-30 13:12:47,952 DEBUG   HandlerThread:15480 [handler.py:handle_request():121] handle_request: stop_status
2021-05-30 13:12:47,952 DEBUG   SenderThread:15480 [sender.py:send_request():186] send_request: stop_status
2021-05-30 13:13:01,523 DEBUG   SenderThread:15480 [sender.py:send():176] send: stats
2021-05-30 13:13:03,160 DEBUG   HandlerThread:15480 [handler.py:handle_request():121] handle_request: stop_status
2021-05-30 13:13:03,160 DEBUG   SenderThread:15480 [sender.py:send_request():186] send_request: stop_status
2021-05-30 13:13:18,370 DEBUG   HandlerThread:15480 [handler.py:handle_request():121] handle_request: stop_status
2021-05-30 13:13:18,370 DEBUG   SenderThread:15480 [sender.py:send_request():186] send_request: stop_status
2021-05-30 13:13:32,037 DEBUG   SenderThread:15480 [sender.py:send():176] send: stats
2021-05-30 13:13:32,398 DEBUG   SenderThread:15480 [sender.py:send():176] send: history
2021-05-30 13:13:32,399 DEBUG   SenderThread:15480 [sender.py:send():176] send: summary
2021-05-30 13:13:32,399 INFO    SenderThread:15480 [sender.py:_save_file():821] saving file wandb-summary.json with policy end
2021-05-30 13:13:32,949 INFO    Thread-12 :15480 [dir_watcher.py:_on_file_modified():229] file/dir modified: C:\Users\robertorg\Documentos\UPM\TFG\Aplicacion\wandb\run-20210530_123755-28ief2tx\files\wandb-summary.json
2021-05-30 13:13:33,587 DEBUG   HandlerThread:15480 [handler.py:handle_request():121] handle_request: stop_status
2021-05-30 13:13:33,587 DEBUG   SenderThread:15480 [sender.py:send_request():186] send_request: stop_status
2021-05-30 13:13:48,790 DEBUG   HandlerThread:15480 [handler.py:handle_request():121] handle_request: stop_status
2021-05-30 13:13:48,790 DEBUG   SenderThread:15480 [sender.py:send_request():186] send_request: stop_status
2021-05-30 13:14:02,523 DEBUG   SenderThread:15480 [sender.py:send():176] send: stats
2021-05-30 13:14:04,007 DEBUG   HandlerThread:15480 [handler.py:handle_request():121] handle_request: stop_status
2021-05-30 13:14:04,007 DEBUG   SenderThread:15480 [sender.py:send_request():186] send_request: stop_status
2021-05-30 13:14:19,246 DEBUG   HandlerThread:15480 [handler.py:handle_request():121] handle_request: stop_status
2021-05-30 13:14:19,246 DEBUG   SenderThread:15480 [sender.py:send_request():186] send_request: stop_status
2021-05-30 13:14:33,041 DEBUG   SenderThread:15480 [sender.py:send():176] send: stats
2021-05-30 13:14:34,464 DEBUG   HandlerThread:15480 [handler.py:handle_request():121] handle_request: stop_status
2021-05-30 13:14:34,464 DEBUG   SenderThread:15480 [sender.py:send_request():186] send_request: stop_status
2021-05-30 13:14:49,683 DEBUG   HandlerThread:15480 [handler.py:handle_request():121] handle_request: stop_status
2021-05-30 13:14:49,683 DEBUG   SenderThread:15480 [sender.py:send_request():186] send_request: stop_status
2021-05-30 13:15:03,567 DEBUG   SenderThread:15480 [sender.py:send():176] send: stats
2021-05-30 13:15:04,903 DEBUG   HandlerThread:15480 [handler.py:handle_request():121] handle_request: stop_status
2021-05-30 13:15:04,903 DEBUG   SenderThread:15480 [sender.py:send_request():186] send_request: stop_status
2021-05-30 13:15:20,115 DEBUG   HandlerThread:15480 [handler.py:handle_request():121] handle_request: stop_status
2021-05-30 13:15:20,115 DEBUG   SenderThread:15480 [sender.py:send_request():186] send_request: stop_status
2021-05-30 13:15:34,064 DEBUG   SenderThread:15480 [sender.py:send():176] send: stats
2021-05-30 13:15:35,330 DEBUG   HandlerThread:15480 [handler.py:handle_request():121] handle_request: stop_status
2021-05-30 13:15:35,330 DEBUG   SenderThread:15480 [sender.py:send_request():186] send_request: stop_status
2021-05-30 13:15:50,544 DEBUG   HandlerThread:15480 [handler.py:handle_request():121] handle_request: stop_status
2021-05-30 13:15:50,544 DEBUG   SenderThread:15480 [sender.py:send_request():186] send_request: stop_status
2021-05-30 13:16:04,581 DEBUG   SenderThread:15480 [sender.py:send():176] send: stats
2021-05-30 13:16:05,751 DEBUG   HandlerThread:15480 [handler.py:handle_request():121] handle_request: stop_status
2021-05-30 13:16:05,751 DEBUG   SenderThread:15480 [sender.py:send_request():186] send_request: stop_status
2021-05-30 13:16:14,559 DEBUG   SenderThread:15480 [sender.py:send():176] send: history
2021-05-30 13:16:14,559 DEBUG   SenderThread:15480 [sender.py:send():176] send: summary
2021-05-30 13:16:14,560 INFO    SenderThread:15480 [sender.py:_save_file():821] saving file wandb-summary.json with policy end
2021-05-30 13:16:15,042 INFO    Thread-12 :15480 [dir_watcher.py:_on_file_modified():229] file/dir modified: C:\Users\robertorg\Documentos\UPM\TFG\Aplicacion\wandb\run-20210530_123755-28ief2tx\files\wandb-summary.json
2021-05-30 13:16:20,973 DEBUG   HandlerThread:15480 [handler.py:handle_request():121] handle_request: stop_status
2021-05-30 13:16:20,973 DEBUG   SenderThread:15480 [sender.py:send_request():186] send_request: stop_status
2021-05-30 13:16:35,077 DEBUG   SenderThread:15480 [sender.py:send():176] send: stats
2021-05-30 13:16:36,222 DEBUG   HandlerThread:15480 [handler.py:handle_request():121] handle_request: stop_status
2021-05-30 13:16:36,222 DEBUG   SenderThread:15480 [sender.py:send_request():186] send_request: stop_status
2021-05-30 13:16:51,433 DEBUG   HandlerThread:15480 [handler.py:handle_request():121] handle_request: stop_status
2021-05-30 13:16:51,433 DEBUG   SenderThread:15480 [sender.py:send_request():186] send_request: stop_status
2021-05-30 13:17:05,577 DEBUG   SenderThread:15480 [sender.py:send():176] send: stats
2021-05-30 13:17:06,636 DEBUG   HandlerThread:15480 [handler.py:handle_request():121] handle_request: stop_status
2021-05-30 13:17:06,636 DEBUG   SenderThread:15480 [sender.py:send_request():186] send_request: stop_status
2021-05-30 13:17:21,882 DEBUG   HandlerThread:15480 [handler.py:handle_request():121] handle_request: stop_status
2021-05-30 13:17:21,882 DEBUG   SenderThread:15480 [sender.py:send_request():186] send_request: stop_status
2021-05-30 13:17:36,089 DEBUG   SenderThread:15480 [sender.py:send():176] send: stats
2021-05-30 13:17:37,098 DEBUG   HandlerThread:15480 [handler.py:handle_request():121] handle_request: stop_status
2021-05-30 13:17:37,098 DEBUG   SenderThread:15480 [sender.py:send_request():186] send_request: stop_status
2021-05-30 13:17:52,312 DEBUG   HandlerThread:15480 [handler.py:handle_request():121] handle_request: stop_status
2021-05-30 13:17:52,312 DEBUG   SenderThread:15480 [sender.py:send_request():186] send_request: stop_status
2021-05-30 13:18:06,595 DEBUG   SenderThread:15480 [sender.py:send():176] send: stats
2021-05-30 13:18:07,516 DEBUG   HandlerThread:15480 [handler.py:handle_request():121] handle_request: stop_status
2021-05-30 13:18:07,516 DEBUG   SenderThread:15480 [sender.py:send_request():186] send_request: stop_status
2021-05-30 13:18:22,734 DEBUG   HandlerThread:15480 [handler.py:handle_request():121] handle_request: stop_status
2021-05-30 13:18:22,734 DEBUG   SenderThread:15480 [sender.py:send_request():186] send_request: stop_status
2021-05-30 13:18:24,407 DEBUG   SenderThread:15480 [sender.py:send():176] send: history
2021-05-30 13:18:24,407 DEBUG   SenderThread:15480 [sender.py:send():176] send: summary
2021-05-30 13:18:24,408 INFO    SenderThread:15480 [sender.py:_save_file():821] saving file wandb-summary.json with policy end
2021-05-30 13:18:25,117 INFO    Thread-12 :15480 [dir_watcher.py:_on_file_modified():229] file/dir modified: C:\Users\robertorg\Documentos\UPM\TFG\Aplicacion\wandb\run-20210530_123755-28ief2tx\files\wandb-summary.json
2021-05-30 13:18:37,100 DEBUG   SenderThread:15480 [sender.py:send():176] send: stats
2021-05-30 13:18:37,967 DEBUG   HandlerThread:15480 [handler.py:handle_request():121] handle_request: stop_status
2021-05-30 13:18:37,967 DEBUG   SenderThread:15480 [sender.py:send_request():186] send_request: stop_status
2021-05-30 13:18:53,210 DEBUG   HandlerThread:15480 [handler.py:handle_request():121] handle_request: stop_status
2021-05-30 13:18:53,210 DEBUG   SenderThread:15480 [sender.py:send_request():186] send_request: stop_status
2021-05-30 13:19:07,627 DEBUG   SenderThread:15480 [sender.py:send():176] send: stats
2021-05-30 13:19:08,426 DEBUG   HandlerThread:15480 [handler.py:handle_request():121] handle_request: stop_status
2021-05-30 13:19:08,426 DEBUG   SenderThread:15480 [sender.py:send_request():186] send_request: stop_status
2021-05-30 13:19:23,635 DEBUG   HandlerThread:15480 [handler.py:handle_request():121] handle_request: stop_status
2021-05-30 13:19:23,635 DEBUG   SenderThread:15480 [sender.py:send_request():186] send_request: stop_status
2021-05-30 13:19:28,209 DEBUG   SenderThread:15480 [sender.py:send():176] send: history
2021-05-30 13:19:28,209 DEBUG   SenderThread:15480 [sender.py:send():176] send: summary
2021-05-30 13:19:28,210 INFO    SenderThread:15480 [sender.py:_save_file():821] saving file wandb-summary.json with policy end
2021-05-30 13:19:29,154 INFO    Thread-12 :15480 [dir_watcher.py:_on_file_modified():229] file/dir modified: C:\Users\robertorg\Documentos\UPM\TFG\Aplicacion\wandb\run-20210530_123755-28ief2tx\files\wandb-summary.json
2021-05-30 13:19:38,140 DEBUG   SenderThread:15480 [sender.py:send():176] send: stats
2021-05-30 13:19:38,862 DEBUG   HandlerThread:15480 [handler.py:handle_request():121] handle_request: stop_status
2021-05-30 13:19:38,862 DEBUG   SenderThread:15480 [sender.py:send_request():186] send_request: stop_status
2021-05-30 13:19:54,067 DEBUG   HandlerThread:15480 [handler.py:handle_request():121] handle_request: stop_status
2021-05-30 13:19:54,067 DEBUG   SenderThread:15480 [sender.py:send_request():186] send_request: stop_status
2021-05-30 13:20:08,631 DEBUG   SenderThread:15480 [sender.py:send():176] send: stats
2021-05-30 13:20:09,303 DEBUG   HandlerThread:15480 [handler.py:handle_request():121] handle_request: stop_status
2021-05-30 13:20:09,303 DEBUG   SenderThread:15480 [sender.py:send_request():186] send_request: stop_status
2021-05-30 13:20:13,211 DEBUG   SenderThread:15480 [sender.py:send():176] send: history
2021-05-30 13:20:13,212 DEBUG   SenderThread:15480 [sender.py:send():176] send: summary
2021-05-30 13:20:13,212 INFO    SenderThread:15480 [sender.py:_save_file():821] saving file wandb-summary.json with policy end
2021-05-30 13:20:14,183 INFO    Thread-12 :15480 [dir_watcher.py:_on_file_modified():229] file/dir modified: C:\Users\robertorg\Documentos\UPM\TFG\Aplicacion\wandb\run-20210530_123755-28ief2tx\files\wandb-summary.json
2021-05-30 13:20:24,508 DEBUG   HandlerThread:15480 [handler.py:handle_request():121] handle_request: stop_status
2021-05-30 13:20:24,508 DEBUG   SenderThread:15480 [sender.py:send_request():186] send_request: stop_status
2021-05-30 13:20:39,126 DEBUG   SenderThread:15480 [sender.py:send():176] send: stats
2021-05-30 13:20:39,721 DEBUG   HandlerThread:15480 [handler.py:handle_request():121] handle_request: stop_status
2021-05-30 13:20:39,721 DEBUG   SenderThread:15480 [sender.py:send_request():186] send_request: stop_status
2021-05-30 13:20:48,856 DEBUG   SenderThread:15480 [sender.py:send():176] send: history
2021-05-30 13:20:48,857 DEBUG   SenderThread:15480 [sender.py:send():176] send: summary
2021-05-30 13:20:48,857 INFO    SenderThread:15480 [sender.py:_save_file():821] saving file wandb-summary.json with policy end
2021-05-30 13:20:49,204 INFO    Thread-12 :15480 [dir_watcher.py:_on_file_modified():229] file/dir modified: C:\Users\robertorg\Documentos\UPM\TFG\Aplicacion\wandb\run-20210530_123755-28ief2tx\files\wandb-summary.json
2021-05-30 13:20:54,933 DEBUG   HandlerThread:15480 [handler.py:handle_request():121] handle_request: stop_status
2021-05-30 13:20:54,933 DEBUG   SenderThread:15480 [sender.py:send_request():186] send_request: stop_status
2021-05-30 13:21:09,609 DEBUG   SenderThread:15480 [sender.py:send():176] send: stats
2021-05-30 13:21:10,170 DEBUG   HandlerThread:15480 [handler.py:handle_request():121] handle_request: stop_status
2021-05-30 13:21:10,170 DEBUG   SenderThread:15480 [sender.py:send_request():186] send_request: stop_status
2021-05-30 13:21:25,377 DEBUG   HandlerThread:15480 [handler.py:handle_request():121] handle_request: stop_status
2021-05-30 13:21:25,377 DEBUG   SenderThread:15480 [sender.py:send_request():186] send_request: stop_status
2021-05-30 13:21:40,129 DEBUG   SenderThread:15480 [sender.py:send():176] send: stats
2021-05-30 13:21:40,667 DEBUG   HandlerThread:15480 [handler.py:handle_request():121] handle_request: stop_status
2021-05-30 13:21:40,667 DEBUG   SenderThread:15480 [sender.py:send_request():186] send_request: stop_status
2021-05-30 13:21:55,919 DEBUG   HandlerThread:15480 [handler.py:handle_request():121] handle_request: stop_status
2021-05-30 13:21:55,919 DEBUG   SenderThread:15480 [sender.py:send_request():186] send_request: stop_status
2021-05-30 13:22:10,641 DEBUG   SenderThread:15480 [sender.py:send():176] send: stats
2021-05-30 13:22:11,170 DEBUG   HandlerThread:15480 [handler.py:handle_request():121] handle_request: stop_status
2021-05-30 13:22:11,170 DEBUG   SenderThread:15480 [sender.py:send_request():186] send_request: stop_status
2021-05-30 13:22:26,421 DEBUG   HandlerThread:15480 [handler.py:handle_request():121] handle_request: stop_status
2021-05-30 13:22:26,421 DEBUG   SenderThread:15480 [sender.py:send_request():186] send_request: stop_status
2021-05-30 13:22:41,128 DEBUG   SenderThread:15480 [sender.py:send():176] send: stats
2021-05-30 13:22:41,675 DEBUG   HandlerThread:15480 [handler.py:handle_request():121] handle_request: stop_status
2021-05-30 13:22:41,675 DEBUG   SenderThread:15480 [sender.py:send_request():186] send_request: stop_status
2021-05-30 13:22:56,864 DEBUG   HandlerThread:15480 [handler.py:handle_request():121] handle_request: stop_status
2021-05-30 13:22:56,864 DEBUG   SenderThread:15480 [sender.py:send_request():186] send_request: stop_status
2021-05-30 13:23:11,624 DEBUG   SenderThread:15480 [sender.py:send():176] send: stats
2021-05-30 13:23:12,068 DEBUG   HandlerThread:15480 [handler.py:handle_request():121] handle_request: stop_status
2021-05-30 13:23:12,068 DEBUG   SenderThread:15480 [sender.py:send_request():186] send_request: stop_status
2021-05-30 13:23:27,267 DEBUG   HandlerThread:15480 [handler.py:handle_request():121] handle_request: stop_status
2021-05-30 13:23:27,267 DEBUG   SenderThread:15480 [sender.py:send_request():186] send_request: stop_status
2021-05-30 13:23:42,125 DEBUG   SenderThread:15480 [sender.py:send():176] send: stats
2021-05-30 13:23:42,456 DEBUG   HandlerThread:15480 [handler.py:handle_request():121] handle_request: stop_status
2021-05-30 13:23:42,456 DEBUG   SenderThread:15480 [sender.py:send_request():186] send_request: stop_status
2021-05-30 13:23:48,474 DEBUG   SenderThread:15480 [sender.py:send():176] send: history
2021-05-30 13:23:48,474 DEBUG   SenderThread:15480 [sender.py:send():176] send: summary
2021-05-30 13:23:48,475 INFO    SenderThread:15480 [sender.py:_save_file():821] saving file wandb-summary.json with policy end
2021-05-30 13:23:49,296 INFO    Thread-12 :15480 [dir_watcher.py:_on_file_modified():229] file/dir modified: C:\Users\robertorg\Documentos\UPM\TFG\Aplicacion\wandb\run-20210530_123755-28ief2tx\files\wandb-summary.json
2021-05-30 13:23:57,692 DEBUG   HandlerThread:15480 [handler.py:handle_request():121] handle_request: stop_status
2021-05-30 13:23:57,692 DEBUG   SenderThread:15480 [sender.py:send_request():186] send_request: stop_status
2021-05-30 13:24:12,619 DEBUG   SenderThread:15480 [sender.py:send():176] send: stats
2021-05-30 13:24:12,915 DEBUG   HandlerThread:15480 [handler.py:handle_request():121] handle_request: stop_status
2021-05-30 13:24:12,915 DEBUG   SenderThread:15480 [sender.py:send_request():186] send_request: stop_status
2021-05-30 13:24:28,135 DEBUG   HandlerThread:15480 [handler.py:handle_request():121] handle_request: stop_status
2021-05-30 13:24:28,135 DEBUG   SenderThread:15480 [sender.py:send_request():186] send_request: stop_status
2021-05-30 13:24:43,127 DEBUG   SenderThread:15480 [sender.py:send():176] send: stats
2021-05-30 13:24:43,330 DEBUG   HandlerThread:15480 [handler.py:handle_request():121] handle_request: stop_status
2021-05-30 13:24:43,330 DEBUG   SenderThread:15480 [sender.py:send_request():186] send_request: stop_status
2021-05-30 13:24:58,518 DEBUG   HandlerThread:15480 [handler.py:handle_request():121] handle_request: stop_status
2021-05-30 13:24:58,518 DEBUG   SenderThread:15480 [sender.py:send_request():186] send_request: stop_status
2021-05-30 13:25:13,632 DEBUG   SenderThread:15480 [sender.py:send():176] send: stats
2021-05-30 13:25:13,718 DEBUG   HandlerThread:15480 [handler.py:handle_request():121] handle_request: stop_status
2021-05-30 13:25:13,718 DEBUG   SenderThread:15480 [sender.py:send_request():186] send_request: stop_status
2021-05-30 13:25:28,923 DEBUG   HandlerThread:15480 [handler.py:handle_request():121] handle_request: stop_status
2021-05-30 13:25:28,923 DEBUG   SenderThread:15480 [sender.py:send_request():186] send_request: stop_status
2021-05-30 13:25:34,112 DEBUG   SenderThread:15480 [sender.py:send():176] send: history
2021-05-30 13:25:34,113 DEBUG   SenderThread:15480 [sender.py:send():176] send: summary
2021-05-30 13:25:34,113 INFO    SenderThread:15480 [sender.py:_save_file():821] saving file wandb-summary.json with policy end
2021-05-30 13:25:34,369 INFO    Thread-12 :15480 [dir_watcher.py:_on_file_modified():229] file/dir modified: C:\Users\robertorg\Documentos\UPM\TFG\Aplicacion\wandb\run-20210530_123755-28ief2tx\files\wandb-summary.json
2021-05-30 13:25:44,129 DEBUG   SenderThread:15480 [sender.py:send():176] send: stats
2021-05-30 13:25:44,132 DEBUG   HandlerThread:15480 [handler.py:handle_request():121] handle_request: stop_status
2021-05-30 13:25:44,132 DEBUG   SenderThread:15480 [sender.py:send_request():186] send_request: stop_status
2021-05-30 13:25:59,332 DEBUG   HandlerThread:15480 [handler.py:handle_request():121] handle_request: stop_status
2021-05-30 13:25:59,332 DEBUG   SenderThread:15480 [sender.py:send_request():186] send_request: stop_status
2021-05-30 13:26:14,585 DEBUG   HandlerThread:15480 [handler.py:handle_request():121] handle_request: stop_status
2021-05-30 13:26:14,585 DEBUG   SenderThread:15480 [sender.py:send_request():186] send_request: stop_status
2021-05-30 13:26:14,795 DEBUG   SenderThread:15480 [sender.py:send():176] send: stats
2021-05-30 13:26:19,218 DEBUG   SenderThread:15480 [sender.py:send():176] send: history
2021-05-30 13:26:19,218 DEBUG   SenderThread:15480 [sender.py:send():176] send: summary
2021-05-30 13:26:19,219 INFO    SenderThread:15480 [sender.py:_save_file():821] saving file wandb-summary.json with policy end
2021-05-30 13:26:19,409 INFO    Thread-12 :15480 [dir_watcher.py:_on_file_modified():229] file/dir modified: C:\Users\robertorg\Documentos\UPM\TFG\Aplicacion\wandb\run-20210530_123755-28ief2tx\files\wandb-summary.json
2021-05-30 13:26:29,795 DEBUG   HandlerThread:15480 [handler.py:handle_request():121] handle_request: stop_status
2021-05-30 13:26:29,795 DEBUG   SenderThread:15480 [sender.py:send_request():186] send_request: stop_status
2021-05-30 13:26:45,022 DEBUG   HandlerThread:15480 [handler.py:handle_request():121] handle_request: stop_status
2021-05-30 13:26:45,022 DEBUG   SenderThread:15480 [sender.py:send_request():186] send_request: stop_status
2021-05-30 13:26:45,276 DEBUG   SenderThread:15480 [sender.py:send():176] send: stats
2021-05-30 13:27:00,311 DEBUG   HandlerThread:15480 [handler.py:handle_request():121] handle_request: stop_status
2021-05-30 13:27:00,311 DEBUG   SenderThread:15480 [sender.py:send_request():186] send_request: stop_status
2021-05-30 13:27:15,505 DEBUG   HandlerThread:15480 [handler.py:handle_request():121] handle_request: stop_status
2021-05-30 13:27:15,505 DEBUG   SenderThread:15480 [sender.py:send_request():186] send_request: stop_status
2021-05-30 13:27:15,691 DEBUG   SenderThread:15480 [sender.py:send():176] send: stats
2021-05-30 13:27:30,691 DEBUG   HandlerThread:15480 [handler.py:handle_request():121] handle_request: stop_status
2021-05-30 13:27:30,691 DEBUG   SenderThread:15480 [sender.py:send_request():186] send_request: stop_status
2021-05-30 13:27:45,985 DEBUG   HandlerThread:15480 [handler.py:handle_request():121] handle_request: stop_status
2021-05-30 13:27:45,985 DEBUG   SenderThread:15480 [sender.py:send_request():186] send_request: stop_status
2021-05-30 13:27:46,235 DEBUG   SenderThread:15480 [sender.py:send():176] send: stats
2021-05-30 13:28:01,235 DEBUG   HandlerThread:15480 [handler.py:handle_request():121] handle_request: stop_status
2021-05-30 13:28:01,235 DEBUG   SenderThread:15480 [sender.py:send_request():186] send_request: stop_status
2021-05-30 13:28:16,497 DEBUG   HandlerThread:15480 [handler.py:handle_request():121] handle_request: stop_status
2021-05-30 13:28:16,497 DEBUG   SenderThread:15480 [sender.py:send_request():186] send_request: stop_status
2021-05-30 13:28:16,766 DEBUG   SenderThread:15480 [sender.py:send():176] send: stats
2021-05-30 13:28:31,778 DEBUG   HandlerThread:15480 [handler.py:handle_request():121] handle_request: stop_status
2021-05-30 13:28:31,778 DEBUG   SenderThread:15480 [sender.py:send_request():186] send_request: stop_status
2021-05-30 13:28:47,031 DEBUG   HandlerThread:15480 [handler.py:handle_request():121] handle_request: stop_status
2021-05-30 13:28:47,031 DEBUG   SenderThread:15480 [sender.py:send_request():186] send_request: stop_status
2021-05-30 13:28:51,517 DEBUG   SenderThread:15480 [sender.py:send():176] send: stats
2021-05-30 13:29:06,537 DEBUG   HandlerThread:15480 [handler.py:handle_request():121] handle_request: stop_status
2021-05-30 13:29:06,537 DEBUG   SenderThread:15480 [sender.py:send_request():186] send_request: stop_status
2021-05-30 13:29:17,649 DEBUG   SenderThread:15480 [sender.py:send():176] send: stats
2021-05-30 13:29:21,783 DEBUG   HandlerThread:15480 [handler.py:handle_request():121] handle_request: stop_status
2021-05-30 13:29:21,783 DEBUG   SenderThread:15480 [sender.py:send_request():186] send_request: stop_status
2021-05-30 13:29:37,025 DEBUG   HandlerThread:15480 [handler.py:handle_request():121] handle_request: stop_status
2021-05-30 13:29:37,025 DEBUG   SenderThread:15480 [sender.py:send_request():186] send_request: stop_status
2021-05-30 13:29:48,162 DEBUG   SenderThread:15480 [sender.py:send():176] send: stats
2021-05-30 13:29:52,288 DEBUG   HandlerThread:15480 [handler.py:handle_request():121] handle_request: stop_status
2021-05-30 13:29:52,288 DEBUG   SenderThread:15480 [sender.py:send_request():186] send_request: stop_status
2021-05-30 13:30:07,609 DEBUG   HandlerThread:15480 [handler.py:handle_request():121] handle_request: stop_status
2021-05-30 13:30:07,609 DEBUG   SenderThread:15480 [sender.py:send_request():186] send_request: stop_status
2021-05-30 13:30:18,681 DEBUG   SenderThread:15480 [sender.py:send():176] send: stats
2021-05-30 13:30:22,858 DEBUG   HandlerThread:15480 [handler.py:handle_request():121] handle_request: stop_status
2021-05-30 13:30:22,858 DEBUG   SenderThread:15480 [sender.py:send_request():186] send_request: stop_status
2021-05-30 13:30:38,119 DEBUG   HandlerThread:15480 [handler.py:handle_request():121] handle_request: stop_status
2021-05-30 13:30:38,119 DEBUG   SenderThread:15480 [sender.py:send_request():186] send_request: stop_status
2021-05-30 13:30:49,171 DEBUG   SenderThread:15480 [sender.py:send():176] send: stats
2021-05-30 13:30:53,355 DEBUG   HandlerThread:15480 [handler.py:handle_request():121] handle_request: stop_status
2021-05-30 13:30:53,355 DEBUG   SenderThread:15480 [sender.py:send_request():186] send_request: stop_status
2021-05-30 13:31:04,836 DEBUG   SenderThread:15480 [sender.py:send():176] send: history
2021-05-30 13:31:04,837 DEBUG   SenderThread:15480 [sender.py:send():176] send: summary
2021-05-30 13:31:04,837 INFO    SenderThread:15480 [sender.py:_save_file():821] saving file wandb-summary.json with policy end
2021-05-30 13:31:05,564 INFO    Thread-12 :15480 [dir_watcher.py:_on_file_modified():229] file/dir modified: C:\Users\robertorg\Documentos\UPM\TFG\Aplicacion\wandb\run-20210530_123755-28ief2tx\files\wandb-summary.json
2021-05-30 13:31:08,602 DEBUG   HandlerThread:15480 [handler.py:handle_request():121] handle_request: stop_status
2021-05-30 13:31:08,602 DEBUG   SenderThread:15480 [sender.py:send_request():186] send_request: stop_status
2021-05-30 13:31:19,682 DEBUG   SenderThread:15480 [sender.py:send():176] send: stats
2021-05-30 13:31:23,872 DEBUG   HandlerThread:15480 [handler.py:handle_request():121] handle_request: stop_status
2021-05-30 13:31:23,872 DEBUG   SenderThread:15480 [sender.py:send_request():186] send_request: stop_status
2021-05-30 13:31:39,109 DEBUG   HandlerThread:15480 [handler.py:handle_request():121] handle_request: stop_status
2021-05-30 13:31:39,109 DEBUG   SenderThread:15480 [sender.py:send_request():186] send_request: stop_status
2021-05-30 13:31:50,204 DEBUG   SenderThread:15480 [sender.py:send():176] send: stats
2021-05-30 13:31:54,398 DEBUG   HandlerThread:15480 [handler.py:handle_request():121] handle_request: stop_status
2021-05-30 13:31:54,398 DEBUG   SenderThread:15480 [sender.py:send_request():186] send_request: stop_status
2021-05-30 13:32:09,645 DEBUG   HandlerThread:15480 [handler.py:handle_request():121] handle_request: stop_status
2021-05-30 13:32:09,645 DEBUG   SenderThread:15480 [sender.py:send_request():186] send_request: stop_status
2021-05-30 13:32:20,701 DEBUG   SenderThread:15480 [sender.py:send():176] send: stats
2021-05-30 13:32:24,881 DEBUG   HandlerThread:15480 [handler.py:handle_request():121] handle_request: stop_status
2021-05-30 13:32:24,881 DEBUG   SenderThread:15480 [sender.py:send_request():186] send_request: stop_status
2021-05-30 13:32:40,185 DEBUG   HandlerThread:15480 [handler.py:handle_request():121] handle_request: stop_status
2021-05-30 13:32:40,185 DEBUG   SenderThread:15480 [sender.py:send_request():186] send_request: stop_status
2021-05-30 13:32:51,218 DEBUG   SenderThread:15480 [sender.py:send():176] send: stats
2021-05-30 13:32:55,419 DEBUG   HandlerThread:15480 [handler.py:handle_request():121] handle_request: stop_status
2021-05-30 13:32:55,419 DEBUG   SenderThread:15480 [sender.py:send_request():186] send_request: stop_status
2021-05-30 13:33:10,665 DEBUG   HandlerThread:15480 [handler.py:handle_request():121] handle_request: stop_status
2021-05-30 13:33:10,665 DEBUG   SenderThread:15480 [sender.py:send_request():186] send_request: stop_status
2021-05-30 13:33:20,292 DEBUG   SenderThread:15480 [sender.py:send():176] send: history
2021-05-30 13:33:20,292 DEBUG   SenderThread:15480 [sender.py:send():176] send: summary
2021-05-30 13:33:20,293 INFO    SenderThread:15480 [sender.py:_save_file():821] saving file wandb-summary.json with policy end
2021-05-30 13:33:20,643 INFO    Thread-12 :15480 [dir_watcher.py:_on_file_modified():229] file/dir modified: C:\Users\robertorg\Documentos\UPM\TFG\Aplicacion\wandb\run-20210530_123755-28ief2tx\files\wandb-summary.json
2021-05-30 13:33:21,716 DEBUG   SenderThread:15480 [sender.py:send():176] send: stats
2021-05-30 13:33:25,909 DEBUG   HandlerThread:15480 [handler.py:handle_request():121] handle_request: stop_status
2021-05-30 13:33:25,909 DEBUG   SenderThread:15480 [sender.py:send_request():186] send_request: stop_status
2021-05-30 13:33:41,154 DEBUG   HandlerThread:15480 [handler.py:handle_request():121] handle_request: stop_status
2021-05-30 13:33:41,154 DEBUG   SenderThread:15480 [sender.py:send_request():186] send_request: stop_status
2021-05-30 13:33:45,134 DEBUG   SenderThread:15480 [sender.py:send():176] send: history
2021-05-30 13:33:45,134 DEBUG   SenderThread:15480 [sender.py:send():176] send: summary
2021-05-30 13:33:45,134 INFO    SenderThread:15480 [sender.py:_save_file():821] saving file wandb-summary.json with policy end
2021-05-30 13:33:45,658 INFO    Thread-12 :15480 [dir_watcher.py:_on_file_modified():229] file/dir modified: C:\Users\robertorg\Documentos\UPM\TFG\Aplicacion\wandb\run-20210530_123755-28ief2tx\files\wandb-summary.json
2021-05-30 13:33:52,216 DEBUG   SenderThread:15480 [sender.py:send():176] send: stats
2021-05-30 13:33:56,402 DEBUG   HandlerThread:15480 [handler.py:handle_request():121] handle_request: stop_status
2021-05-30 13:33:56,402 DEBUG   SenderThread:15480 [sender.py:send_request():186] send_request: stop_status
2021-05-30 13:34:11,327 DEBUG   SenderThread:15480 [sender.py:send():176] send: history
2021-05-30 13:34:11,328 DEBUG   SenderThread:15480 [sender.py:send():176] send: summary
2021-05-30 13:34:11,329 INFO    SenderThread:15480 [sender.py:_save_file():821] saving file wandb-summary.json with policy end
2021-05-30 13:34:11,637 DEBUG   HandlerThread:15480 [handler.py:handle_request():121] handle_request: stop_status
2021-05-30 13:34:11,637 DEBUG   SenderThread:15480 [sender.py:send_request():186] send_request: stop_status
2021-05-30 13:34:11,672 INFO    Thread-12 :15480 [dir_watcher.py:_on_file_modified():229] file/dir modified: C:\Users\robertorg\Documentos\UPM\TFG\Aplicacion\wandb\run-20210530_123755-28ief2tx\files\wandb-summary.json
2021-05-30 13:34:22,716 DEBUG   SenderThread:15480 [sender.py:send():176] send: stats
2021-05-30 13:34:26,879 DEBUG   HandlerThread:15480 [handler.py:handle_request():121] handle_request: stop_status
2021-05-30 13:34:26,879 DEBUG   SenderThread:15480 [sender.py:send_request():186] send_request: stop_status
2021-05-30 13:34:42,119 DEBUG   HandlerThread:15480 [handler.py:handle_request():121] handle_request: stop_status
2021-05-30 13:34:42,119 DEBUG   SenderThread:15480 [sender.py:send_request():186] send_request: stop_status
2021-05-30 13:34:53,230 DEBUG   SenderThread:15480 [sender.py:send():176] send: stats
2021-05-30 13:34:57,365 DEBUG   HandlerThread:15480 [handler.py:handle_request():121] handle_request: stop_status
2021-05-30 13:34:57,365 DEBUG   SenderThread:15480 [sender.py:send_request():186] send_request: stop_status
2021-05-30 13:35:12,634 DEBUG   HandlerThread:15480 [handler.py:handle_request():121] handle_request: stop_status
2021-05-30 13:35:12,634 DEBUG   SenderThread:15480 [sender.py:send_request():186] send_request: stop_status
2021-05-30 13:35:23,725 DEBUG   SenderThread:15480 [sender.py:send():176] send: stats
2021-05-30 13:35:27,871 DEBUG   HandlerThread:15480 [handler.py:handle_request():121] handle_request: stop_status
2021-05-30 13:35:27,871 DEBUG   SenderThread:15480 [sender.py:send_request():186] send_request: stop_status
2021-05-30 13:35:43,118 DEBUG   HandlerThread:15480 [handler.py:handle_request():121] handle_request: stop_status
2021-05-30 13:35:43,118 DEBUG   SenderThread:15480 [sender.py:send_request():186] send_request: stop_status
2021-05-30 13:35:54,239 DEBUG   SenderThread:15480 [sender.py:send():176] send: stats
2021-05-30 13:35:58,362 DEBUG   HandlerThread:15480 [handler.py:handle_request():121] handle_request: stop_status
2021-05-30 13:35:58,362 DEBUG   SenderThread:15480 [sender.py:send_request():186] send_request: stop_status
2021-05-30 13:36:13,622 DEBUG   HandlerThread:15480 [handler.py:handle_request():121] handle_request: stop_status
2021-05-30 13:36:13,622 DEBUG   SenderThread:15480 [sender.py:send_request():186] send_request: stop_status
2021-05-30 13:36:24,846 DEBUG   SenderThread:15480 [sender.py:send():176] send: stats
2021-05-30 13:36:28,861 DEBUG   HandlerThread:15480 [handler.py:handle_request():121] handle_request: stop_status
2021-05-30 13:36:28,861 DEBUG   SenderThread:15480 [sender.py:send_request():186] send_request: stop_status
2021-05-30 13:36:44,101 DEBUG   HandlerThread:15480 [handler.py:handle_request():121] handle_request: stop_status
2021-05-30 13:36:44,101 DEBUG   SenderThread:15480 [sender.py:send_request():186] send_request: stop_status
2021-05-30 13:36:55,403 DEBUG   SenderThread:15480 [sender.py:send():176] send: stats
2021-05-30 13:36:56,984 DEBUG   SenderThread:15480 [sender.py:send():176] send: history
2021-05-30 13:36:56,984 DEBUG   SenderThread:15480 [sender.py:send():176] send: summary
2021-05-30 13:36:56,985 INFO    SenderThread:15480 [sender.py:_save_file():821] saving file wandb-summary.json with policy end
2021-05-30 13:36:57,782 INFO    Thread-12 :15480 [dir_watcher.py:_on_file_modified():229] file/dir modified: C:\Users\robertorg\Documentos\UPM\TFG\Aplicacion\wandb\run-20210530_123755-28ief2tx\files\wandb-summary.json
2021-05-30 13:36:59,360 DEBUG   HandlerThread:15480 [handler.py:handle_request():121] handle_request: stop_status
2021-05-30 13:36:59,360 DEBUG   SenderThread:15480 [sender.py:send_request():186] send_request: stop_status
2021-05-30 13:37:16,918 DEBUG   HandlerThread:15480 [handler.py:handle_request():121] handle_request: stop_status
2021-05-30 13:37:16,919 DEBUG   SenderThread:15480 [sender.py:send_request():186] send_request: stop_status
2021-05-30 13:37:28,756 DEBUG   SenderThread:15480 [sender.py:send():176] send: stats
2021-05-30 13:37:32,259 DEBUG   HandlerThread:15480 [handler.py:handle_request():121] handle_request: stop_status
2021-05-30 13:37:32,259 DEBUG   SenderThread:15480 [sender.py:send_request():186] send_request: stop_status
2021-05-30 13:37:47,682 DEBUG   HandlerThread:15480 [handler.py:handle_request():121] handle_request: stop_status
2021-05-30 13:37:47,682 DEBUG   SenderThread:15480 [sender.py:send_request():186] send_request: stop_status
2021-05-30 13:37:53,244 DEBUG   SenderThread:15480 [sender.py:send():176] send: history
2021-05-30 13:37:53,244 DEBUG   SenderThread:15480 [sender.py:send():176] send: summary
2021-05-30 13:37:53,245 INFO    SenderThread:15480 [sender.py:_save_file():821] saving file wandb-summary.json with policy end
2021-05-30 13:37:53,943 INFO    Thread-12 :15480 [dir_watcher.py:_on_file_modified():229] file/dir modified: C:\Users\robertorg\Documentos\UPM\TFG\Aplicacion\wandb\run-20210530_123755-28ief2tx\files\wandb-summary.json
2021-05-30 13:37:59,323 DEBUG   SenderThread:15480 [sender.py:send():176] send: stats
2021-05-30 13:38:03,235 DEBUG   HandlerThread:15480 [handler.py:handle_request():121] handle_request: stop_status
2021-05-30 13:38:03,235 DEBUG   SenderThread:15480 [sender.py:send_request():186] send_request: stop_status
2021-05-30 13:38:18,683 DEBUG   HandlerThread:15480 [handler.py:handle_request():121] handle_request: stop_status
2021-05-30 13:38:18,683 DEBUG   SenderThread:15480 [sender.py:send_request():186] send_request: stop_status
2021-05-30 13:38:29,853 DEBUG   SenderThread:15480 [sender.py:send():176] send: stats
2021-05-30 13:38:30,190 DEBUG   SenderThread:15480 [sender.py:send():176] send: history
2021-05-30 13:38:30,190 DEBUG   SenderThread:15480 [sender.py:send():176] send: summary
2021-05-30 13:38:30,191 INFO    SenderThread:15480 [sender.py:_save_file():821] saving file wandb-summary.json with policy end
2021-05-30 13:38:30,961 INFO    Thread-12 :15480 [dir_watcher.py:_on_file_modified():229] file/dir modified: C:\Users\robertorg\Documentos\UPM\TFG\Aplicacion\wandb\run-20210530_123755-28ief2tx\files\wandb-summary.json
2021-05-30 13:38:34,141 DEBUG   HandlerThread:15480 [handler.py:handle_request():121] handle_request: stop_status
2021-05-30 13:38:34,141 DEBUG   SenderThread:15480 [sender.py:send_request():186] send_request: stop_status
2021-05-30 13:38:49,705 DEBUG   HandlerThread:15480 [handler.py:handle_request():121] handle_request: stop_status
2021-05-30 13:38:49,705 DEBUG   SenderThread:15480 [sender.py:send_request():186] send_request: stop_status
2021-05-30 13:38:56,682 DEBUG   SenderThread:15480 [sender.py:send():176] send: history
2021-05-30 13:38:56,683 DEBUG   SenderThread:15480 [sender.py:send():176] send: summary
2021-05-30 13:38:56,683 INFO    SenderThread:15480 [sender.py:_save_file():821] saving file wandb-summary.json with policy end
2021-05-30 13:38:56,983 INFO    Thread-12 :15480 [dir_watcher.py:_on_file_modified():229] file/dir modified: C:\Users\robertorg\Documentos\UPM\TFG\Aplicacion\wandb\run-20210530_123755-28ief2tx\files\wandb-summary.json
2021-05-30 13:39:00,368 DEBUG   SenderThread:15480 [sender.py:send():176] send: stats
2021-05-30 13:39:05,162 DEBUG   HandlerThread:15480 [handler.py:handle_request():121] handle_request: stop_status
2021-05-30 13:39:05,162 DEBUG   SenderThread:15480 [sender.py:send_request():186] send_request: stop_status
2021-05-30 13:39:20,553 DEBUG   HandlerThread:15480 [handler.py:handle_request():121] handle_request: stop_status
2021-05-30 13:39:20,553 DEBUG   SenderThread:15480 [sender.py:send_request():186] send_request: stop_status
2021-05-30 13:39:30,897 DEBUG   SenderThread:15480 [sender.py:send():176] send: stats
2021-05-30 13:39:35,975 DEBUG   HandlerThread:15480 [handler.py:handle_request():121] handle_request: stop_status
2021-05-30 13:39:35,975 DEBUG   SenderThread:15480 [sender.py:send_request():186] send_request: stop_status
2021-05-30 13:39:51,435 DEBUG   HandlerThread:15480 [handler.py:handle_request():121] handle_request: stop_status
2021-05-30 13:39:51,435 DEBUG   SenderThread:15480 [sender.py:send_request():186] send_request: stop_status
2021-05-30 13:40:01,403 DEBUG   SenderThread:15480 [sender.py:send():176] send: stats
2021-05-30 13:40:06,890 DEBUG   HandlerThread:15480 [handler.py:handle_request():121] handle_request: stop_status
2021-05-30 13:40:06,891 DEBUG   SenderThread:15480 [sender.py:send_request():186] send_request: stop_status
2021-05-30 13:40:11,134 DEBUG   SenderThread:15480 [sender.py:send():176] send: history
2021-05-30 13:40:11,134 DEBUG   SenderThread:15480 [sender.py:send():176] send: summary
2021-05-30 13:40:11,135 INFO    SenderThread:15480 [sender.py:_save_file():821] saving file wandb-summary.json with policy end
2021-05-30 13:40:12,029 INFO    Thread-12 :15480 [dir_watcher.py:_on_file_modified():229] file/dir modified: C:\Users\robertorg\Documentos\UPM\TFG\Aplicacion\wandb\run-20210530_123755-28ief2tx\files\wandb-summary.json
2021-05-30 13:40:22,436 DEBUG   HandlerThread:15480 [handler.py:handle_request():121] handle_request: stop_status
2021-05-30 13:40:22,436 DEBUG   SenderThread:15480 [sender.py:send_request():186] send_request: stop_status
2021-05-30 13:40:31,926 DEBUG   SenderThread:15480 [sender.py:send():176] send: stats
2021-05-30 13:40:37,281 DEBUG   SenderThread:15480 [sender.py:send():176] send: history
2021-05-30 13:40:37,281 DEBUG   SenderThread:15480 [sender.py:send():176] send: summary
2021-05-30 13:40:37,282 INFO    SenderThread:15480 [sender.py:_save_file():821] saving file wandb-summary.json with policy end
2021-05-30 13:40:37,827 DEBUG   HandlerThread:15480 [handler.py:handle_request():121] handle_request: stop_status
2021-05-30 13:40:37,827 DEBUG   SenderThread:15480 [sender.py:send_request():186] send_request: stop_status
2021-05-30 13:40:38,044 INFO    Thread-12 :15480 [dir_watcher.py:_on_file_modified():229] file/dir modified: C:\Users\robertorg\Documentos\UPM\TFG\Aplicacion\wandb\run-20210530_123755-28ief2tx\files\wandb-summary.json
2021-05-30 13:40:53,310 DEBUG   HandlerThread:15480 [handler.py:handle_request():121] handle_request: stop_status
2021-05-30 13:40:53,310 DEBUG   SenderThread:15480 [sender.py:send_request():186] send_request: stop_status
2021-05-30 13:41:02,451 DEBUG   SenderThread:15480 [sender.py:send():176] send: stats
2021-05-30 13:41:08,780 DEBUG   HandlerThread:15480 [handler.py:handle_request():121] handle_request: stop_status
2021-05-30 13:41:08,780 DEBUG   SenderThread:15480 [sender.py:send_request():186] send_request: stop_status
2021-05-30 13:41:16,933 DEBUG   SenderThread:15480 [sender.py:send():176] send: history
2021-05-30 13:41:16,933 DEBUG   SenderThread:15480 [sender.py:send():176] send: summary
2021-05-30 13:41:16,934 INFO    SenderThread:15480 [sender.py:_save_file():821] saving file wandb-summary.json with policy end
2021-05-30 13:41:17,072 INFO    Thread-12 :15480 [dir_watcher.py:_on_file_modified():229] file/dir modified: C:\Users\robertorg\Documentos\UPM\TFG\Aplicacion\wandb\run-20210530_123755-28ief2tx\files\wandb-summary.json
2021-05-30 13:41:24,238 DEBUG   HandlerThread:15480 [handler.py:handle_request():121] handle_request: stop_status
2021-05-30 13:41:24,238 DEBUG   SenderThread:15480 [sender.py:send_request():186] send_request: stop_status
2021-05-30 13:41:32,973 DEBUG   SenderThread:15480 [sender.py:send():176] send: stats
2021-05-30 13:41:39,630 DEBUG   HandlerThread:15480 [handler.py:handle_request():121] handle_request: stop_status
2021-05-30 13:41:39,630 DEBUG   SenderThread:15480 [sender.py:send_request():186] send_request: stop_status
2021-05-30 13:42:04,044 ERROR   SenderThread:15480 [retry.py:__call__():126] Retry attempt failed:
Traceback (most recent call last):
  File "C:\Users\robertorg\AppData\Roaming\Python\Python37\site-packages\urllib3\connection.py", line 170, in _new_conn
    (self._dns_host, self.port), self.timeout, **extra_kw
  File "C:\Users\robertorg\AppData\Roaming\Python\Python37\site-packages\urllib3\util\connection.py", line 73, in create_connection
    for res in socket.getaddrinfo(host, port, family, socket.SOCK_STREAM):
  File "C:\Users\robertorg\Anaconda3\envs\entrenamientoKeras\lib\socket.py", line 752, in getaddrinfo
    for res in _socket.getaddrinfo(host, port, family, type, proto, flags):
socket.gaierror: [Errno 11001] getaddrinfo failed

During handling of the above exception, another exception occurred:

Traceback (most recent call last):
  File "C:\Users\robertorg\AppData\Roaming\Python\Python37\site-packages\urllib3\connectionpool.py", line 706, in urlopen
    chunked=chunked,
  File "C:\Users\robertorg\AppData\Roaming\Python\Python37\site-packages\urllib3\connectionpool.py", line 382, in _make_request
    self._validate_conn(conn)
  File "C:\Users\robertorg\AppData\Roaming\Python\Python37\site-packages\urllib3\connectionpool.py", line 1010, in _validate_conn
    conn.connect()
  File "C:\Users\robertorg\AppData\Roaming\Python\Python37\site-packages\urllib3\connection.py", line 353, in connect
    conn = self._new_conn()
  File "C:\Users\robertorg\AppData\Roaming\Python\Python37\site-packages\urllib3\connection.py", line 182, in _new_conn
    self, "Failed to establish a new connection: %s" % e
urllib3.exceptions.NewConnectionError: <urllib3.connection.HTTPSConnection object at 0x000001EEE8A2A5C8>: Failed to establish a new connection: [Errno 11001] getaddrinfo failed

During handling of the above exception, another exception occurred:

Traceback (most recent call last):
  File "C:\Users\robertorg\AppData\Roaming\Python\Python37\site-packages\requests\adapters.py", line 449, in send
    timeout=timeout
  File "C:\Users\robertorg\AppData\Roaming\Python\Python37\site-packages\urllib3\connectionpool.py", line 756, in urlopen
    method, url, error=e, _pool=self, _stacktrace=sys.exc_info()[2]
  File "C:\Users\robertorg\AppData\Roaming\Python\Python37\site-packages\urllib3\util\retry.py", line 574, in increment
    raise MaxRetryError(_pool, url, error or ResponseError(cause))
urllib3.exceptions.MaxRetryError: HTTPSConnectionPool(host='api.wandb.ai', port=443): Max retries exceeded with url: /graphql (Caused by NewConnectionError('<urllib3.connection.HTTPSConnection object at 0x000001EEE8A2A5C8>: Failed to establish a new connection: [Errno 11001] getaddrinfo failed'))

During handling of the above exception, another exception occurred:

Traceback (most recent call last):
  File "C:\Users\robertorg\Anaconda3\envs\entrenamientoKeras\lib\site-packages\wandb\sdk\lib\retry.py", line 102, in __call__
    result = self._call_fn(*args, **kwargs)
  File "C:\Users\robertorg\Anaconda3\envs\entrenamientoKeras\lib\site-packages\wandb\sdk\internal\internal_api.py", line 127, in execute
    return self.client.execute(*args, **kwargs)
  File "C:\Users\robertorg\Anaconda3\envs\entrenamientoKeras\lib\site-packages\wandb\vendor\gql-0.2.0\gql\client.py", line 52, in execute
    result = self._get_result(document, *args, **kwargs)
  File "C:\Users\robertorg\Anaconda3\envs\entrenamientoKeras\lib\site-packages\wandb\vendor\gql-0.2.0\gql\client.py", line 60, in _get_result
    return self.transport.execute(document, *args, **kwargs)
  File "C:\Users\robertorg\Anaconda3\envs\entrenamientoKeras\lib\site-packages\wandb\vendor\gql-0.2.0\gql\transport\requests.py", line 38, in execute
    request = requests.post(self.url, **post_args)
  File "C:\Users\robertorg\AppData\Roaming\Python\Python37\site-packages\requests\api.py", line 119, in post
    return request('post', url, data=data, json=json, **kwargs)
  File "C:\Users\robertorg\AppData\Roaming\Python\Python37\site-packages\requests\api.py", line 61, in request
    return session.request(method=method, url=url, **kwargs)
  File "C:\Users\robertorg\AppData\Roaming\Python\Python37\site-packages\requests\sessions.py", line 542, in request
    resp = self.send(prep, **send_kwargs)
  File "C:\Users\robertorg\AppData\Roaming\Python\Python37\site-packages\requests\sessions.py", line 655, in send
    r = adapter.send(request, **kwargs)
  File "C:\Users\robertorg\AppData\Roaming\Python\Python37\site-packages\requests\adapters.py", line 516, in send
    raise ConnectionError(e, request=request)
requests.exceptions.ConnectionError: HTTPSConnectionPool(host='api.wandb.ai', port=443): Max retries exceeded with url: /graphql (Caused by NewConnectionError('<urllib3.connection.HTTPSConnection object at 0x000001EEE8A2A5C8>: Failed to establish a new connection: [Errno 11001] getaddrinfo failed'))
2021-05-30 13:42:09,079 DEBUG   SenderThread:15480 [sender.py:send():176] send: history
2021-05-30 13:42:09,080 DEBUG   SenderThread:15480 [sender.py:send():176] send: summary
2021-05-30 13:42:09,081 INFO    SenderThread:15480 [sender.py:_save_file():821] saving file wandb-summary.json with policy end
2021-05-30 13:42:09,081 DEBUG   SenderThread:15480 [sender.py:send():176] send: stats
2021-05-30 13:42:09,095 INFO    Thread-12 :15480 [dir_watcher.py:_on_file_modified():229] file/dir modified: C:\Users\robertorg\Documentos\UPM\TFG\Aplicacion\wandb\run-20210530_123755-28ief2tx\files\wandb-summary.json
2021-05-30 13:42:24,103 DEBUG   HandlerThread:15480 [handler.py:handle_request():121] handle_request: stop_status
2021-05-30 13:42:24,103 DEBUG   SenderThread:15480 [sender.py:send_request():186] send_request: stop_status
2021-05-30 13:42:27,645 ERROR   SenderThread:15480 [retry.py:__call__():126] Retry attempt failed:
Traceback (most recent call last):
  File "C:\Users\robertorg\AppData\Roaming\Python\Python37\site-packages\urllib3\connection.py", line 170, in _new_conn
    (self._dns_host, self.port), self.timeout, **extra_kw
  File "C:\Users\robertorg\AppData\Roaming\Python\Python37\site-packages\urllib3\util\connection.py", line 73, in create_connection
    for res in socket.getaddrinfo(host, port, family, socket.SOCK_STREAM):
  File "C:\Users\robertorg\Anaconda3\envs\entrenamientoKeras\lib\socket.py", line 752, in getaddrinfo
    for res in _socket.getaddrinfo(host, port, family, type, proto, flags):
socket.gaierror: [Errno 11001] getaddrinfo failed

During handling of the above exception, another exception occurred:

Traceback (most recent call last):
  File "C:\Users\robertorg\AppData\Roaming\Python\Python37\site-packages\urllib3\connectionpool.py", line 706, in urlopen
    chunked=chunked,
  File "C:\Users\robertorg\AppData\Roaming\Python\Python37\site-packages\urllib3\connectionpool.py", line 382, in _make_request
    self._validate_conn(conn)
  File "C:\Users\robertorg\AppData\Roaming\Python\Python37\site-packages\urllib3\connectionpool.py", line 1010, in _validate_conn
    conn.connect()
  File "C:\Users\robertorg\AppData\Roaming\Python\Python37\site-packages\urllib3\connection.py", line 353, in connect
    conn = self._new_conn()
  File "C:\Users\robertorg\AppData\Roaming\Python\Python37\site-packages\urllib3\connection.py", line 182, in _new_conn
    self, "Failed to establish a new connection: %s" % e
urllib3.exceptions.NewConnectionError: <urllib3.connection.HTTPSConnection object at 0x000001EEE8A1E4C8>: Failed to establish a new connection: [Errno 11001] getaddrinfo failed

During handling of the above exception, another exception occurred:

Traceback (most recent call last):
  File "C:\Users\robertorg\AppData\Roaming\Python\Python37\site-packages\requests\adapters.py", line 449, in send
    timeout=timeout
  File "C:\Users\robertorg\AppData\Roaming\Python\Python37\site-packages\urllib3\connectionpool.py", line 756, in urlopen
    method, url, error=e, _pool=self, _stacktrace=sys.exc_info()[2]
  File "C:\Users\robertorg\AppData\Roaming\Python\Python37\site-packages\urllib3\util\retry.py", line 574, in increment
    raise MaxRetryError(_pool, url, error or ResponseError(cause))
urllib3.exceptions.MaxRetryError: HTTPSConnectionPool(host='api.wandb.ai', port=443): Max retries exceeded with url: /graphql (Caused by NewConnectionError('<urllib3.connection.HTTPSConnection object at 0x000001EEE8A1E4C8>: Failed to establish a new connection: [Errno 11001] getaddrinfo failed'))

During handling of the above exception, another exception occurred:

Traceback (most recent call last):
  File "C:\Users\robertorg\Anaconda3\envs\entrenamientoKeras\lib\site-packages\wandb\sdk\lib\retry.py", line 102, in __call__
    result = self._call_fn(*args, **kwargs)
  File "C:\Users\robertorg\Anaconda3\envs\entrenamientoKeras\lib\site-packages\wandb\sdk\internal\internal_api.py", line 127, in execute
    return self.client.execute(*args, **kwargs)
  File "C:\Users\robertorg\Anaconda3\envs\entrenamientoKeras\lib\site-packages\wandb\vendor\gql-0.2.0\gql\client.py", line 52, in execute
    result = self._get_result(document, *args, **kwargs)
  File "C:\Users\robertorg\Anaconda3\envs\entrenamientoKeras\lib\site-packages\wandb\vendor\gql-0.2.0\gql\client.py", line 60, in _get_result
    return self.transport.execute(document, *args, **kwargs)
  File "C:\Users\robertorg\Anaconda3\envs\entrenamientoKeras\lib\site-packages\wandb\vendor\gql-0.2.0\gql\transport\requests.py", line 38, in execute
    request = requests.post(self.url, **post_args)
  File "C:\Users\robertorg\AppData\Roaming\Python\Python37\site-packages\requests\api.py", line 119, in post
    return request('post', url, data=data, json=json, **kwargs)
  File "C:\Users\robertorg\AppData\Roaming\Python\Python37\site-packages\requests\api.py", line 61, in request
    return session.request(method=method, url=url, **kwargs)
  File "C:\Users\robertorg\AppData\Roaming\Python\Python37\site-packages\requests\sessions.py", line 542, in request
    resp = self.send(prep, **send_kwargs)
  File "C:\Users\robertorg\AppData\Roaming\Python\Python37\site-packages\requests\sessions.py", line 655, in send
    r = adapter.send(request, **kwargs)
  File "C:\Users\robertorg\AppData\Roaming\Python\Python37\site-packages\requests\adapters.py", line 516, in send
    raise ConnectionError(e, request=request)
requests.exceptions.ConnectionError: HTTPSConnectionPool(host='api.wandb.ai', port=443): Max retries exceeded with url: /graphql (Caused by NewConnectionError('<urllib3.connection.HTTPSConnection object at 0x000001EEE8A1E4C8>: Failed to establish a new connection: [Errno 11001] getaddrinfo failed'))
2021-05-30 13:43:11,900 WARNING FileStreamThread:15480 [file_stream.py:request_with_retry():424] requests_with_retry encountered retryable exception: ('Connection aborted.', TimeoutError(10060, 'Se produjo un error durante el intento de conexin ya que la parte conectada no respondi adecuadamente tras un periodo de tiempo, o bien se produjo un error en la conexin establecida ya que el host conectado no ha podido responder', None, 10060, None)). func: <bound method Session.post of <requests.sessions.Session object at 0x000001EED3E44948>>, args: ('https://api.wandb.ai/files/robertotfg/keras-rl/28ief2tx/file_stream',), kwargs: {'json': {'files': {'wandb-summary.json': {'offset': 0, 'content': ['{"step": 2649, "episode": 37, "duration": 46.386751600000025, "episode_steps": 29, "sps": 0.6251785046314815, "episode_reward": -110.3643051898979, "reward_mean": -3.805665696203376, "reward_min": -100.0, "reward_max": 2.6675175520600476, "action_mean": 1.0689655172413792, "action_min": 0, "action_max": 2, "obs_mean": 74.205, "obs_min": 0, "obs_max": 255, "loss": NaN, "mae": NaN, "mean_q": NaN, "mean_eps": NaN, "_runtime": 3848, "_timestamp": 1622374923, "_step": 36}']}, 'wandb-history.jsonl': {'offset': 36, 'content': ['{"step": 2649, "episode": 37, "duration": 46.386751600000025, "episode_steps": 29, "sps": 0.6251785046314815, "episode_reward": -110.3643051898979, "reward_mean": -3.805665696203376, "reward_min": -100.0, "reward_max": 2.6675175520600476, "action_mean": 1.0689655172413792, "action_min": 0, "action_max": 2, "obs_mean": 74.205, "obs_min": 0, "obs_max": 255, "loss": NaN, "mae": NaN, "mean_q": NaN, "mean_eps": NaN, "_runtime": 3848, "_timestamp": 1622374923, "_step": 36}']}, 'wandb-events.jsonl': {'offset': 125, 'content': ['{"system.gpu.0.gpu": 1.93, "system.gpu.0.memory": 0.0, "system.gpu.0.memoryAllocated": 99.02, "system.gpu.0.temp": 54.8, "system.gpu.process.0.gpu": 1.93, "system.gpu.process.0.memory": 0.0, "system.gpu.process.0.memoryAllocated": 99.02, "system.gpu.process.0.temp": 54.8, "system.cpu": 26.13, "system.memory": 31.0, "system.disk": 38.8, "system.proc.memory.availableMB": 22408.5, "system.proc.memory.rssMB": 325.15, "system.proc.memory.percent": 1.0, "system.proc.cpu.threads": 29.0, "system.network.sent": 10689525, "system.network.recv": 78801811, "_wandb": true, "_timestamp": 1622374923, "_runtime": 3848}']}, 'output.log': {'offset': 2, 'content': ['2021-05-30T10:50:08.645652 500/500 [==============================] - 718s 1s/step - reward: -1.3831\n', '2021-05-30T10:50:08.645652 6 episodes - episode_reward: -116.110 [-152.863, -100.864] - x_pos: 39.564 - y_pos: -2.705 - z_pos: -19.312 - w_val: 0.162 - distancia previa: 122.003 - distancia actual: 121.590 - numero de episodios: 3.906\n', '2021-05-30T10:50:08.645652 Interval 2 (500 steps performed)\n', '2021-05-30T11:02:03.393794 499/500 [============================>.] - ETA: 1s - reward: -1.3183Step 1000: saving model to C:/Users/robertorg/Documentos/UPM/TFG/Aplicacion/newPesos/pesosDepth.tf\n', '2021-05-30T11:02:06.083820 500/500 [==============================] - 717s 1s/step - reward: -1.3130\n', '2021-05-30T11:02:06.083820 6 episodes - episode_reward: -108.295 [-132.582, -100.029] - x_pos: 33.090 - y_pos: 28.266 - z_pos: -21.944 - w_val: 0.151 - distancia previa: 109.172 - distancia actual: 109.092 - numero de episodios: 8.994\n', '2021-05-30T11:02:06.083820 Interval 3 (1000 steps performed)\n', '2021-05-30T11:13:54.592167 500/500 [==============================] - 710s 1s/step - reward: -1.0427\n', '2021-05-30T11:13:54.592167 5 episodes - episode_reward: -101.803 [-105.099, -100.070] - x_pos: 43.074 - y_pos: 19.607 - z_pos: -23.597 - w_val: -0.085 - distancia previa: 99.869 - distancia actual: 99.706 - numero de episodios: 14.230\n', '2021-05-30T11:13:54.592167 Interval 4 (1500 steps performed)\n', '2021-05-30T11:25:59.025298 499/500 [============================>.] - ETA: 1s - reward: -1.4534Step 2000: saving model to C:/Users/robertorg/Documentos/UPM/TFG/Aplicacion/newPesos/pesosDepth.tf\n', '2021-05-30T11:25:59.025298 500/500 [==============================] - 724s 1s/step - reward: -1.4525\n', '2021-05-30T11:25:59.025298 7 episodes - episode_reward: -104.805 [-115.823, -100.008] - x_pos: 32.612 - y_pos: -11.506 - z_pos: -18.424 - w_val: -0.171 - distancia previa: 133.279 - distancia actual: 133.137 - numero de episodios: 21.010\n', '2021-05-30T11:25:59.025298 Interval 5 (2000 steps performed)\n', '2021-05-30T11:38:07.333002 500/500 [==============================] - 728s 1s/step - reward: -1.6476\n', '2021-05-30T11:38:07.333002 7 episodes - episode_reward: -118.573 [-195.930, -100.626] - x_pos: 26.166 - y_pos: 1.441 - z_pos: -21.372 - w_val: 0.171 - distancia previa: 125.773 - distancia actual: 125.421 - numero de episodios: 27.616\n', '2021-05-30T11:38:07.333002 Interval 6 (2500 steps performed)\n', '2021-05-30T11:42:22.787246 157/500 [========>.....................] - ETA: 9:18 - reward: -4.7392\n', 'ERROR 2021-05-30T11:42:09.083141 wandb: Network error resolved after 0:00:29.447955, resuming normal operation.\n']}}}}
2021-05-30 13:43:13,687 DEBUG   HandlerThread:15480 [handler.py:handle_request():121] handle_request: pause
2021-05-30 13:43:13,687 INFO    HandlerThread:15480 [handler.py:handle_request_pause():519] stopping system metrics thread
2021-05-30 13:43:14,019 WARNING FileStreamThread:15480 [file_stream.py:request_with_retry():424] requests_with_retry encountered retryable exception: HTTPSConnectionPool(host='api.wandb.ai', port=443): Max retries exceeded with url: /files/robertotfg/keras-rl/28ief2tx/file_stream (Caused by NewConnectionError('<urllib3.connection.HTTPSConnection object at 0x000001EEE8A1ED88>: Failed to establish a new connection: [Errno 11001] getaddrinfo failed')). func: <bound method Session.post of <requests.sessions.Session object at 0x000001EED3E44948>>, args: ('https://api.wandb.ai/files/robertotfg/keras-rl/28ief2tx/file_stream',), kwargs: {'json': {'files': {'wandb-summary.json': {'offset': 0, 'content': ['{"step": 2649, "episode": 37, "duration": 46.386751600000025, "episode_steps": 29, "sps": 0.6251785046314815, "episode_reward": -110.3643051898979, "reward_mean": -3.805665696203376, "reward_min": -100.0, "reward_max": 2.6675175520600476, "action_mean": 1.0689655172413792, "action_min": 0, "action_max": 2, "obs_mean": 74.205, "obs_min": 0, "obs_max": 255, "loss": NaN, "mae": NaN, "mean_q": NaN, "mean_eps": NaN, "_runtime": 3848, "_timestamp": 1622374923, "_step": 36}']}, 'wandb-history.jsonl': {'offset': 36, 'content': ['{"step": 2649, "episode": 37, "duration": 46.386751600000025, "episode_steps": 29, "sps": 0.6251785046314815, "episode_reward": -110.3643051898979, "reward_mean": -3.805665696203376, "reward_min": -100.0, "reward_max": 2.6675175520600476, "action_mean": 1.0689655172413792, "action_min": 0, "action_max": 2, "obs_mean": 74.205, "obs_min": 0, "obs_max": 255, "loss": NaN, "mae": NaN, "mean_q": NaN, "mean_eps": NaN, "_runtime": 3848, "_timestamp": 1622374923, "_step": 36}']}, 'wandb-events.jsonl': {'offset': 125, 'content': ['{"system.gpu.0.gpu": 1.93, "system.gpu.0.memory": 0.0, "system.gpu.0.memoryAllocated": 99.02, "system.gpu.0.temp": 54.8, "system.gpu.process.0.gpu": 1.93, "system.gpu.process.0.memory": 0.0, "system.gpu.process.0.memoryAllocated": 99.02, "system.gpu.process.0.temp": 54.8, "system.cpu": 26.13, "system.memory": 31.0, "system.disk": 38.8, "system.proc.memory.availableMB": 22408.5, "system.proc.memory.rssMB": 325.15, "system.proc.memory.percent": 1.0, "system.proc.cpu.threads": 29.0, "system.network.sent": 10689525, "system.network.recv": 78801811, "_wandb": true, "_timestamp": 1622374923, "_runtime": 3848}']}, 'output.log': {'offset': 2, 'content': ['2021-05-30T10:50:08.645652 500/500 [==============================] - 718s 1s/step - reward: -1.3831\n', '2021-05-30T10:50:08.645652 6 episodes - episode_reward: -116.110 [-152.863, -100.864] - x_pos: 39.564 - y_pos: -2.705 - z_pos: -19.312 - w_val: 0.162 - distancia previa: 122.003 - distancia actual: 121.590 - numero de episodios: 3.906\n', '2021-05-30T10:50:08.645652 Interval 2 (500 steps performed)\n', '2021-05-30T11:02:03.393794 499/500 [============================>.] - ETA: 1s - reward: -1.3183Step 1000: saving model to C:/Users/robertorg/Documentos/UPM/TFG/Aplicacion/newPesos/pesosDepth.tf\n', '2021-05-30T11:02:06.083820 500/500 [==============================] - 717s 1s/step - reward: -1.3130\n', '2021-05-30T11:02:06.083820 6 episodes - episode_reward: -108.295 [-132.582, -100.029] - x_pos: 33.090 - y_pos: 28.266 - z_pos: -21.944 - w_val: 0.151 - distancia previa: 109.172 - distancia actual: 109.092 - numero de episodios: 8.994\n', '2021-05-30T11:02:06.083820 Interval 3 (1000 steps performed)\n', '2021-05-30T11:13:54.592167 500/500 [==============================] - 710s 1s/step - reward: -1.0427\n', '2021-05-30T11:13:54.592167 5 episodes - episode_reward: -101.803 [-105.099, -100.070] - x_pos: 43.074 - y_pos: 19.607 - z_pos: -23.597 - w_val: -0.085 - distancia previa: 99.869 - distancia actual: 99.706 - numero de episodios: 14.230\n', '2021-05-30T11:13:54.592167 Interval 4 (1500 steps performed)\n', '2021-05-30T11:25:59.025298 499/500 [============================>.] - ETA: 1s - reward: -1.4534Step 2000: saving model to C:/Users/robertorg/Documentos/UPM/TFG/Aplicacion/newPesos/pesosDepth.tf\n', '2021-05-30T11:25:59.025298 500/500 [==============================] - 724s 1s/step - reward: -1.4525\n', '2021-05-30T11:25:59.025298 7 episodes - episode_reward: -104.805 [-115.823, -100.008] - x_pos: 32.612 - y_pos: -11.506 - z_pos: -18.424 - w_val: -0.171 - distancia previa: 133.279 - distancia actual: 133.137 - numero de episodios: 21.010\n', '2021-05-30T11:25:59.025298 Interval 5 (2000 steps performed)\n', '2021-05-30T11:38:07.333002 500/500 [==============================] - 728s 1s/step - reward: -1.6476\n', '2021-05-30T11:38:07.333002 7 episodes - episode_reward: -118.573 [-195.930, -100.626] - x_pos: 26.166 - y_pos: 1.441 - z_pos: -21.372 - w_val: 0.171 - distancia previa: 125.773 - distancia actual: 125.421 - numero de episodios: 27.616\n', '2021-05-30T11:38:07.333002 Interval 6 (2500 steps performed)\n', '2021-05-30T11:42:22.787246 157/500 [========>.....................] - ETA: 9:18 - reward: -4.7392\n', 'ERROR 2021-05-30T11:42:09.083141 wandb: Network error resolved after 0:00:29.447955, resuming normal operation.\n']}}}}
