2021-05-25 19:39:31,728 INFO    MainThread:1252 [internal.py:wandb_internal():91] W&B internal server running at pid: 1252, started at: 2021-05-25 19:39:31.722468
2021-05-25 19:39:31,730 INFO    WriterThread:1252 [datastore.py:open_for_write():77] open: C:\Users\robertorg\Documentos\UPM\TFG\Aplicacion\wandb\run-20210525_193930-3g53g5aw\run-3g53g5aw.wandb
2021-05-25 19:39:31,731 DEBUG   HandlerThread:1252 [handler.py:handle_request():121] handle_request: check_version
2021-05-25 19:39:31,733 DEBUG   SenderThread:1252 [sender.py:send():176] send: header
2021-05-25 19:39:31,733 DEBUG   SenderThread:1252 [sender.py:send_request():186] send_request: check_version
2021-05-25 19:39:31,946 DEBUG   SenderThread:1252 [sender.py:send():176] send: run
2021-05-25 19:39:31,967 DEBUG   SenderThread:1252 [git.py:repo():33] git repository is invalid
2021-05-25 19:39:32,205 INFO    SenderThread:1252 [dir_watcher.py:__init__():168] watching files in: C:\Users\robertorg\Documentos\UPM\TFG\Aplicacion\wandb\run-20210525_193930-3g53g5aw\files
2021-05-25 19:39:32,205 INFO    SenderThread:1252 [sender.py:_start_run_threads():699] run started: 3g53g5aw with start time 1621964370
2021-05-25 19:39:32,205 DEBUG   SenderThread:1252 [sender.py:send():176] send: summary
2021-05-25 19:39:32,205 DEBUG   HandlerThread:1252 [handler.py:handle_request():121] handle_request: run_start
2021-05-25 19:39:32,207 INFO    SenderThread:1252 [sender.py:_save_file():821] saving file wandb-summary.json with policy end
2021-05-25 19:39:33,208 INFO    Thread-12 :1252 [dir_watcher.py:_on_file_created():216] file/dir created: C:\Users\robertorg\Documentos\UPM\TFG\Aplicacion\wandb\run-20210525_193930-3g53g5aw\files\wandb-summary.json
2021-05-25 19:39:34,242 DEBUG   HandlerThread:1252 [meta.py:__init__():39] meta init
2021-05-25 19:39:34,242 DEBUG   HandlerThread:1252 [meta.py:__init__():53] meta init done
2021-05-25 19:39:34,242 DEBUG   HandlerThread:1252 [meta.py:probe():210] probe
2021-05-25 19:39:34,251 DEBUG   HandlerThread:1252 [git.py:repo():33] git repository is invalid
2021-05-25 19:39:34,251 DEBUG   HandlerThread:1252 [meta.py:_save_pip():57] save pip
2021-05-25 19:39:34,252 DEBUG   HandlerThread:1252 [meta.py:_save_pip():71] save pip done
2021-05-25 19:39:34,252 DEBUG   HandlerThread:1252 [meta.py:_save_conda():78] save conda
2021-05-25 19:39:35,209 INFO    Thread-12 :1252 [dir_watcher.py:_on_file_created():216] file/dir created: C:\Users\robertorg\Documentos\UPM\TFG\Aplicacion\wandb\run-20210525_193930-3g53g5aw\files\requirements.txt
2021-05-25 19:39:35,210 INFO    Thread-12 :1252 [dir_watcher.py:_on_file_created():216] file/dir created: C:\Users\robertorg\Documentos\UPM\TFG\Aplicacion\wandb\run-20210525_193930-3g53g5aw\files\conda-environment.yaml
2021-05-25 19:39:37,923 DEBUG   HandlerThread:1252 [meta.py:_save_conda():86] save conda done
2021-05-25 19:39:37,923 DEBUG   HandlerThread:1252 [meta.py:probe():252] probe done
2021-05-25 19:39:37,927 DEBUG   HandlerThread:1252 [handler.py:handle_request():121] handle_request: stop_status
2021-05-25 19:39:37,927 DEBUG   SenderThread:1252 [sender.py:send_request():186] send_request: stop_status
2021-05-25 19:39:38,163 DEBUG   SenderThread:1252 [sender.py:send():176] send: files
2021-05-25 19:39:38,163 INFO    SenderThread:1252 [sender.py:_save_file():821] saving file wandb-metadata.json with policy now
2021-05-25 19:39:38,210 INFO    Thread-12 :1252 [dir_watcher.py:_on_file_modified():229] file/dir modified: C:\Users\robertorg\Documentos\UPM\TFG\Aplicacion\wandb\run-20210525_193930-3g53g5aw\files\conda-environment.yaml
2021-05-25 19:39:38,211 INFO    Thread-12 :1252 [dir_watcher.py:_on_file_created():216] file/dir created: C:\Users\robertorg\Documentos\UPM\TFG\Aplicacion\wandb\run-20210525_193930-3g53g5aw\files\wandb-metadata.json
2021-05-25 19:39:38,211 INFO    Thread-12 :1252 [dir_watcher.py:_on_file_created():216] file/dir created: C:\Users\robertorg\Documentos\UPM\TFG\Aplicacion\wandb\run-20210525_193930-3g53g5aw\files\output.log
2021-05-25 19:39:38,930 INFO    Thread-15 :1252 [upload_job.py:push():133] Uploaded file C:\Users\ROBERT~1\AppData\Local\Temp\tmpo2rwtyq1wandb\1bccuexe-wandb-metadata.json
2021-05-25 19:39:53,164 DEBUG   HandlerThread:1252 [handler.py:handle_request():121] handle_request: stop_status
2021-05-25 19:39:53,164 DEBUG   SenderThread:1252 [sender.py:send_request():186] send_request: stop_status
2021-05-25 19:40:02,827 DEBUG   SenderThread:1252 [sender.py:send():176] send: stats
2021-05-25 19:40:08,727 DEBUG   HandlerThread:1252 [handler.py:handle_request():121] handle_request: stop_status
2021-05-25 19:40:08,727 DEBUG   SenderThread:1252 [sender.py:send_request():186] send_request: stop_status
2021-05-25 19:40:23,972 DEBUG   HandlerThread:1252 [handler.py:handle_request():121] handle_request: stop_status
2021-05-25 19:40:23,972 DEBUG   SenderThread:1252 [sender.py:send_request():186] send_request: stop_status
2021-05-25 19:40:33,402 DEBUG   SenderThread:1252 [sender.py:send():176] send: stats
2021-05-25 19:40:39,261 DEBUG   HandlerThread:1252 [handler.py:handle_request():121] handle_request: stop_status
2021-05-25 19:40:39,261 DEBUG   SenderThread:1252 [sender.py:send_request():186] send_request: stop_status
2021-05-25 19:40:54,475 DEBUG   HandlerThread:1252 [handler.py:handle_request():121] handle_request: stop_status
2021-05-25 19:40:54,475 DEBUG   SenderThread:1252 [sender.py:send_request():186] send_request: stop_status
2021-05-25 19:41:02,451 DEBUG   SenderThread:1252 [sender.py:send():176] send: history
2021-05-25 19:41:02,451 DEBUG   SenderThread:1252 [sender.py:send():176] send: summary
2021-05-25 19:41:02,452 INFO    SenderThread:1252 [sender.py:_save_file():821] saving file wandb-summary.json with policy end
2021-05-25 19:41:03,257 INFO    Thread-12 :1252 [dir_watcher.py:_on_file_modified():229] file/dir modified: C:\Users\robertorg\Documentos\UPM\TFG\Aplicacion\wandb\run-20210525_193930-3g53g5aw\files\wandb-summary.json
2021-05-25 19:41:03,946 DEBUG   SenderThread:1252 [sender.py:send():176] send: stats
2021-05-25 19:41:09,779 DEBUG   HandlerThread:1252 [handler.py:handle_request():121] handle_request: stop_status
2021-05-25 19:41:09,779 DEBUG   SenderThread:1252 [sender.py:send_request():186] send_request: stop_status
2021-05-25 19:41:25,013 DEBUG   HandlerThread:1252 [handler.py:handle_request():121] handle_request: stop_status
2021-05-25 19:41:25,013 DEBUG   SenderThread:1252 [sender.py:send_request():186] send_request: stop_status
2021-05-25 19:41:34,494 DEBUG   SenderThread:1252 [sender.py:send():176] send: stats
2021-05-25 19:41:40,239 DEBUG   HandlerThread:1252 [handler.py:handle_request():121] handle_request: stop_status
2021-05-25 19:41:40,239 DEBUG   SenderThread:1252 [sender.py:send_request():186] send_request: stop_status
2021-05-25 19:41:53,789 ERROR   SenderThread:1252 [retry.py:__call__():126] Retry attempt failed:
Traceback (most recent call last):
  File "C:\Users\robertorg\AppData\Roaming\Python\Python37\site-packages\urllib3\connection.py", line 170, in _new_conn
    (self._dns_host, self.port), self.timeout, **extra_kw
  File "C:\Users\robertorg\AppData\Roaming\Python\Python37\site-packages\urllib3\util\connection.py", line 73, in create_connection
    for res in socket.getaddrinfo(host, port, family, socket.SOCK_STREAM):
  File "C:\Users\robertorg\Anaconda3\envs\entrenamientoKeras\lib\socket.py", line 752, in getaddrinfo
    for res in _socket.getaddrinfo(host, port, family, type, proto, flags):
socket.gaierror: [Errno 11001] getaddrinfo failed

During handling of the above exception, another exception occurred:

Traceback (most recent call last):
  File "C:\Users\robertorg\AppData\Roaming\Python\Python37\site-packages\urllib3\connectionpool.py", line 706, in urlopen
    chunked=chunked,
  File "C:\Users\robertorg\AppData\Roaming\Python\Python37\site-packages\urllib3\connectionpool.py", line 382, in _make_request
    self._validate_conn(conn)
  File "C:\Users\robertorg\AppData\Roaming\Python\Python37\site-packages\urllib3\connectionpool.py", line 1010, in _validate_conn
    conn.connect()
  File "C:\Users\robertorg\AppData\Roaming\Python\Python37\site-packages\urllib3\connection.py", line 353, in connect
    conn = self._new_conn()
  File "C:\Users\robertorg\AppData\Roaming\Python\Python37\site-packages\urllib3\connection.py", line 182, in _new_conn
    self, "Failed to establish a new connection: %s" % e
urllib3.exceptions.NewConnectionError: <urllib3.connection.HTTPSConnection object at 0x000002D26084F848>: Failed to establish a new connection: [Errno 11001] getaddrinfo failed

During handling of the above exception, another exception occurred:

Traceback (most recent call last):
  File "C:\Users\robertorg\AppData\Roaming\Python\Python37\site-packages\requests\adapters.py", line 449, in send
    timeout=timeout
  File "C:\Users\robertorg\AppData\Roaming\Python\Python37\site-packages\urllib3\connectionpool.py", line 756, in urlopen
    method, url, error=e, _pool=self, _stacktrace=sys.exc_info()[2]
  File "C:\Users\robertorg\AppData\Roaming\Python\Python37\site-packages\urllib3\util\retry.py", line 574, in increment
    raise MaxRetryError(_pool, url, error or ResponseError(cause))
urllib3.exceptions.MaxRetryError: HTTPSConnectionPool(host='api.wandb.ai', port=443): Max retries exceeded with url: /graphql (Caused by NewConnectionError('<urllib3.connection.HTTPSConnection object at 0x000002D26084F848>: Failed to establish a new connection: [Errno 11001] getaddrinfo failed'))

During handling of the above exception, another exception occurred:

Traceback (most recent call last):
  File "C:\Users\robertorg\Anaconda3\envs\entrenamientoKeras\lib\site-packages\wandb\sdk\lib\retry.py", line 102, in __call__
    result = self._call_fn(*args, **kwargs)
  File "C:\Users\robertorg\Anaconda3\envs\entrenamientoKeras\lib\site-packages\wandb\sdk\internal\internal_api.py", line 127, in execute
    return self.client.execute(*args, **kwargs)
  File "C:\Users\robertorg\Anaconda3\envs\entrenamientoKeras\lib\site-packages\wandb\vendor\gql-0.2.0\gql\client.py", line 52, in execute
    result = self._get_result(document, *args, **kwargs)
  File "C:\Users\robertorg\Anaconda3\envs\entrenamientoKeras\lib\site-packages\wandb\vendor\gql-0.2.0\gql\client.py", line 60, in _get_result
    return self.transport.execute(document, *args, **kwargs)
  File "C:\Users\robertorg\Anaconda3\envs\entrenamientoKeras\lib\site-packages\wandb\vendor\gql-0.2.0\gql\transport\requests.py", line 38, in execute
    request = requests.post(self.url, **post_args)
  File "C:\Users\robertorg\AppData\Roaming\Python\Python37\site-packages\requests\api.py", line 119, in post
    return request('post', url, data=data, json=json, **kwargs)
  File "C:\Users\robertorg\AppData\Roaming\Python\Python37\site-packages\requests\api.py", line 61, in request
    return session.request(method=method, url=url, **kwargs)
  File "C:\Users\robertorg\AppData\Roaming\Python\Python37\site-packages\requests\sessions.py", line 542, in request
    resp = self.send(prep, **send_kwargs)
  File "C:\Users\robertorg\AppData\Roaming\Python\Python37\site-packages\requests\sessions.py", line 655, in send
    r = adapter.send(request, **kwargs)
  File "C:\Users\robertorg\AppData\Roaming\Python\Python37\site-packages\requests\adapters.py", line 516, in send
    raise ConnectionError(e, request=request)
requests.exceptions.ConnectionError: HTTPSConnectionPool(host='api.wandb.ai', port=443): Max retries exceeded with url: /graphql (Caused by NewConnectionError('<urllib3.connection.HTTPSConnection object at 0x000002D26084F848>: Failed to establish a new connection: [Errno 11001] getaddrinfo failed'))
2021-05-25 19:44:55,490 WARNING FileStreamThread:1252 [file_stream.py:request_with_retry():424] requests_with_retry encountered retryable exception: ('Connection aborted.', TimeoutError(10060, 'Se produjo un error durante el intento de conexión ya que la parte conectada no respondió adecuadamente tras un periodo de tiempo, o bien se produjo un error en la conexión establecida ya que el host conectado no ha podido responder', None, 10060, None)). func: <bound method Session.post of <requests.sessions.Session object at 0x000002D24B180188>>, args: ('https://api.wandb.ai/files/robertotfg/keras-rl/3g53g5aw/file_stream',), kwargs: {'json': {'files': {'wandb-events.jsonl': {'offset': 3, 'content': ['{"system.gpu.0.gpu": 3.0, "system.gpu.0.memory": 0.87, "system.gpu.0.memoryAllocated": 98.84, "system.gpu.0.temp": 52.47, "system.gpu.process.0.gpu": 3.0, "system.gpu.process.0.memory": 0.87, "system.gpu.process.0.memoryAllocated": 98.84, "system.gpu.process.0.temp": 52.47, "system.cpu": 26.6, "system.memory": 34.1, "system.disk": 37.1, "system.proc.memory.availableMB": 21404.97, "system.proc.memory.rssMB": 210.14, "system.proc.memory.percent": 0.65, "system.proc.cpu.threads": 29.0, "system.network.sent": 732929, "system.network.recv": 431492, "_wandb": true, "_timestamp": 1621964494, "_runtime": 124}']}, 'output.log': {'offset': 2, 'content': ['2021-05-25T17:41:37.979033   77/5000 [..............................] - ETA: 1:59:25 - reward: -1.5562\n']}}}}
2021-05-25 19:44:57,876 WARNING FileStreamThread:1252 [file_stream.py:request_with_retry():424] requests_with_retry encountered retryable exception: HTTPSConnectionPool(host='api.wandb.ai', port=443): Max retries exceeded with url: /files/robertotfg/keras-rl/3g53g5aw/file_stream (Caused by NewConnectionError('<urllib3.connection.HTTPSConnection object at 0x000002D26084B388>: Failed to establish a new connection: [Errno 11001] getaddrinfo failed')). func: <bound method Session.post of <requests.sessions.Session object at 0x000002D24B180188>>, args: ('https://api.wandb.ai/files/robertotfg/keras-rl/3g53g5aw/file_stream',), kwargs: {'json': {'files': {'wandb-events.jsonl': {'offset': 3, 'content': ['{"system.gpu.0.gpu": 3.0, "system.gpu.0.memory": 0.87, "system.gpu.0.memoryAllocated": 98.84, "system.gpu.0.temp": 52.47, "system.gpu.process.0.gpu": 3.0, "system.gpu.process.0.memory": 0.87, "system.gpu.process.0.memoryAllocated": 98.84, "system.gpu.process.0.temp": 52.47, "system.cpu": 26.6, "system.memory": 34.1, "system.disk": 37.1, "system.proc.memory.availableMB": 21404.97, "system.proc.memory.rssMB": 210.14, "system.proc.memory.percent": 0.65, "system.proc.cpu.threads": 29.0, "system.network.sent": 732929, "system.network.recv": 431492, "_wandb": true, "_timestamp": 1621964494, "_runtime": 124}']}, 'output.log': {'offset': 2, 'content': ['2021-05-25T17:41:37.979033   77/5000 [..............................] - ETA: 1:59:25 - reward: -1.5562\n']}}}}
2021-05-25 19:45:02,414 WARNING FileStreamThread:1252 [file_stream.py:request_with_retry():424] requests_with_retry encountered retryable exception: HTTPSConnectionPool(host='api.wandb.ai', port=443): Max retries exceeded with url: /files/robertotfg/keras-rl/3g53g5aw/file_stream (Caused by NewConnectionError('<urllib3.connection.HTTPSConnection object at 0x000002D26084B348>: Failed to establish a new connection: [Errno 11001] getaddrinfo failed')). func: <bound method Session.post of <requests.sessions.Session object at 0x000002D24B180188>>, args: ('https://api.wandb.ai/files/robertotfg/keras-rl/3g53g5aw/file_stream',), kwargs: {'json': {'files': {'wandb-events.jsonl': {'offset': 3, 'content': ['{"system.gpu.0.gpu": 3.0, "system.gpu.0.memory": 0.87, "system.gpu.0.memoryAllocated": 98.84, "system.gpu.0.temp": 52.47, "system.gpu.process.0.gpu": 3.0, "system.gpu.process.0.memory": 0.87, "system.gpu.process.0.memoryAllocated": 98.84, "system.gpu.process.0.temp": 52.47, "system.cpu": 26.6, "system.memory": 34.1, "system.disk": 37.1, "system.proc.memory.availableMB": 21404.97, "system.proc.memory.rssMB": 210.14, "system.proc.memory.percent": 0.65, "system.proc.cpu.threads": 29.0, "system.network.sent": 732929, "system.network.recv": 431492, "_wandb": true, "_timestamp": 1621964494, "_runtime": 124}']}, 'output.log': {'offset': 2, 'content': ['2021-05-25T17:41:37.979033   77/5000 [..............................] - ETA: 1:59:25 - reward: -1.5562\n']}}}}
2021-05-25 19:45:11,415 WARNING FileStreamThread:1252 [file_stream.py:request_with_retry():424] requests_with_retry encountered retryable exception: HTTPSConnectionPool(host='api.wandb.ai', port=443): Max retries exceeded with url: /files/robertotfg/keras-rl/3g53g5aw/file_stream (Caused by NewConnectionError('<urllib3.connection.HTTPSConnection object at 0x000002D26084B688>: Failed to establish a new connection: [Errno 11001] getaddrinfo failed')). func: <bound method Session.post of <requests.sessions.Session object at 0x000002D24B180188>>, args: ('https://api.wandb.ai/files/robertotfg/keras-rl/3g53g5aw/file_stream',), kwargs: {'json': {'files': {'wandb-events.jsonl': {'offset': 3, 'content': ['{"system.gpu.0.gpu": 3.0, "system.gpu.0.memory": 0.87, "system.gpu.0.memoryAllocated": 98.84, "system.gpu.0.temp": 52.47, "system.gpu.process.0.gpu": 3.0, "system.gpu.process.0.memory": 0.87, "system.gpu.process.0.memoryAllocated": 98.84, "system.gpu.process.0.temp": 52.47, "system.cpu": 26.6, "system.memory": 34.1, "system.disk": 37.1, "system.proc.memory.availableMB": 21404.97, "system.proc.memory.rssMB": 210.14, "system.proc.memory.percent": 0.65, "system.proc.cpu.threads": 29.0, "system.network.sent": 732929, "system.network.recv": 431492, "_wandb": true, "_timestamp": 1621964494, "_runtime": 124}']}, 'output.log': {'offset': 2, 'content': ['2021-05-25T17:41:37.979033   77/5000 [..............................] - ETA: 1:59:25 - reward: -1.5562\n']}}}}
2021-05-25 19:45:31,304 WARNING FileStreamThread:1252 [file_stream.py:request_with_retry():424] requests_with_retry encountered retryable exception: HTTPSConnectionPool(host='api.wandb.ai', port=443): Max retries exceeded with url: /files/robertotfg/keras-rl/3g53g5aw/file_stream (Caused by NewConnectionError('<urllib3.connection.HTTPSConnection object at 0x000002D26084BC48>: Failed to establish a new connection: [Errno 11001] getaddrinfo failed')). func: <bound method Session.post of <requests.sessions.Session object at 0x000002D24B180188>>, args: ('https://api.wandb.ai/files/robertotfg/keras-rl/3g53g5aw/file_stream',), kwargs: {'json': {'files': {'wandb-events.jsonl': {'offset': 3, 'content': ['{"system.gpu.0.gpu": 3.0, "system.gpu.0.memory": 0.87, "system.gpu.0.memoryAllocated": 98.84, "system.gpu.0.temp": 52.47, "system.gpu.process.0.gpu": 3.0, "system.gpu.process.0.memory": 0.87, "system.gpu.process.0.memoryAllocated": 98.84, "system.gpu.process.0.temp": 52.47, "system.cpu": 26.6, "system.memory": 34.1, "system.disk": 37.1, "system.proc.memory.availableMB": 21404.97, "system.proc.memory.rssMB": 210.14, "system.proc.memory.percent": 0.65, "system.proc.cpu.threads": 29.0, "system.network.sent": 732929, "system.network.recv": 431492, "_wandb": true, "_timestamp": 1621964494, "_runtime": 124}']}, 'output.log': {'offset': 2, 'content': ['2021-05-25T17:41:37.979033   77/5000 [..............................] - ETA: 1:59:25 - reward: -1.5562\n']}}}}
2021-05-25 19:46:07,319 WARNING FileStreamThread:1252 [file_stream.py:request_with_retry():424] requests_with_retry encountered retryable exception: HTTPSConnectionPool(host='api.wandb.ai', port=443): Max retries exceeded with url: /files/robertotfg/keras-rl/3g53g5aw/file_stream (Caused by NewConnectionError('<urllib3.connection.HTTPSConnection object at 0x000002D26084B6C8>: Failed to establish a new connection: [Errno 11001] getaddrinfo failed')). func: <bound method Session.post of <requests.sessions.Session object at 0x000002D24B180188>>, args: ('https://api.wandb.ai/files/robertotfg/keras-rl/3g53g5aw/file_stream',), kwargs: {'json': {'files': {'wandb-events.jsonl': {'offset': 3, 'content': ['{"system.gpu.0.gpu": 3.0, "system.gpu.0.memory": 0.87, "system.gpu.0.memoryAllocated": 98.84, "system.gpu.0.temp": 52.47, "system.gpu.process.0.gpu": 3.0, "system.gpu.process.0.memory": 0.87, "system.gpu.process.0.memoryAllocated": 98.84, "system.gpu.process.0.temp": 52.47, "system.cpu": 26.6, "system.memory": 34.1, "system.disk": 37.1, "system.proc.memory.availableMB": 21404.97, "system.proc.memory.rssMB": 210.14, "system.proc.memory.percent": 0.65, "system.proc.cpu.threads": 29.0, "system.network.sent": 732929, "system.network.recv": 431492, "_wandb": true, "_timestamp": 1621964494, "_runtime": 124}']}, 'output.log': {'offset': 2, 'content': ['2021-05-25T17:41:37.979033   77/5000 [..............................] - ETA: 1:59:25 - reward: -1.5562\n']}}}}
2021-05-25 19:47:13,426 WARNING FileStreamThread:1252 [file_stream.py:request_with_retry():424] requests_with_retry encountered retryable exception: HTTPSConnectionPool(host='api.wandb.ai', port=443): Max retries exceeded with url: /files/robertotfg/keras-rl/3g53g5aw/file_stream (Caused by NewConnectionError('<urllib3.connection.HTTPSConnection object at 0x000002D26084BE48>: Failed to establish a new connection: [Errno 11001] getaddrinfo failed')). func: <bound method Session.post of <requests.sessions.Session object at 0x000002D24B180188>>, args: ('https://api.wandb.ai/files/robertotfg/keras-rl/3g53g5aw/file_stream',), kwargs: {'json': {'files': {'wandb-events.jsonl': {'offset': 3, 'content': ['{"system.gpu.0.gpu": 3.0, "system.gpu.0.memory": 0.87, "system.gpu.0.memoryAllocated": 98.84, "system.gpu.0.temp": 52.47, "system.gpu.process.0.gpu": 3.0, "system.gpu.process.0.memory": 0.87, "system.gpu.process.0.memoryAllocated": 98.84, "system.gpu.process.0.temp": 52.47, "system.cpu": 26.6, "system.memory": 34.1, "system.disk": 37.1, "system.proc.memory.availableMB": 21404.97, "system.proc.memory.rssMB": 210.14, "system.proc.memory.percent": 0.65, "system.proc.cpu.threads": 29.0, "system.network.sent": 732929, "system.network.recv": 431492, "_wandb": true, "_timestamp": 1621964494, "_runtime": 124}']}, 'output.log': {'offset': 2, 'content': ['2021-05-25T17:41:37.979033   77/5000 [..............................] - ETA: 1:59:25 - reward: -1.5562\n']}}}}
2021-05-25 19:49:47,516 WARNING FileStreamThread:1252 [file_stream.py:request_with_retry():424] requests_with_retry encountered retryable exception: HTTPSConnectionPool(host='api.wandb.ai', port=443): Max retries exceeded with url: /files/robertotfg/keras-rl/3g53g5aw/file_stream (Caused by NewConnectionError('<urllib3.connection.HTTPSConnection object at 0x000002D260819DC8>: Failed to establish a new connection: [Errno 11001] getaddrinfo failed')). func: <bound method Session.post of <requests.sessions.Session object at 0x000002D24B180188>>, args: ('https://api.wandb.ai/files/robertotfg/keras-rl/3g53g5aw/file_stream',), kwargs: {'json': {'files': {'wandb-events.jsonl': {'offset': 3, 'content': ['{"system.gpu.0.gpu": 3.0, "system.gpu.0.memory": 0.87, "system.gpu.0.memoryAllocated": 98.84, "system.gpu.0.temp": 52.47, "system.gpu.process.0.gpu": 3.0, "system.gpu.process.0.memory": 0.87, "system.gpu.process.0.memoryAllocated": 98.84, "system.gpu.process.0.temp": 52.47, "system.cpu": 26.6, "system.memory": 34.1, "system.disk": 37.1, "system.proc.memory.availableMB": 21404.97, "system.proc.memory.rssMB": 210.14, "system.proc.memory.percent": 0.65, "system.proc.cpu.threads": 29.0, "system.network.sent": 732929, "system.network.recv": 431492, "_wandb": true, "_timestamp": 1621964494, "_runtime": 124}']}, 'output.log': {'offset': 2, 'content': ['2021-05-25T17:41:37.979033   77/5000 [..............................] - ETA: 1:59:25 - reward: -1.5562\n']}}}}
2021-05-25 19:54:10,916 WARNING FileStreamThread:1252 [file_stream.py:request_with_retry():424] requests_with_retry encountered retryable exception: HTTPSConnectionPool(host='api.wandb.ai', port=443): Max retries exceeded with url: /files/robertotfg/keras-rl/3g53g5aw/file_stream (Caused by NewConnectionError('<urllib3.connection.HTTPSConnection object at 0x000002D2608571C8>: Failed to establish a new connection: [Errno 11001] getaddrinfo failed')). func: <bound method Session.post of <requests.sessions.Session object at 0x000002D24B180188>>, args: ('https://api.wandb.ai/files/robertotfg/keras-rl/3g53g5aw/file_stream',), kwargs: {'json': {'files': {'wandb-events.jsonl': {'offset': 3, 'content': ['{"system.gpu.0.gpu": 3.0, "system.gpu.0.memory": 0.87, "system.gpu.0.memoryAllocated": 98.84, "system.gpu.0.temp": 52.47, "system.gpu.process.0.gpu": 3.0, "system.gpu.process.0.memory": 0.87, "system.gpu.process.0.memoryAllocated": 98.84, "system.gpu.process.0.temp": 52.47, "system.cpu": 26.6, "system.memory": 34.1, "system.disk": 37.1, "system.proc.memory.availableMB": 21404.97, "system.proc.memory.rssMB": 210.14, "system.proc.memory.percent": 0.65, "system.proc.cpu.threads": 29.0, "system.network.sent": 732929, "system.network.recv": 431492, "_wandb": true, "_timestamp": 1621964494, "_runtime": 124}']}, 'output.log': {'offset': 2, 'content': ['2021-05-25T17:41:37.979033   77/5000 [..............................] - ETA: 1:59:25 - reward: -1.5562\n']}}}}
2021-05-25 19:59:56,745 WARNING FileStreamThread:1252 [file_stream.py:request_with_retry():424] requests_with_retry encountered retryable exception: HTTPSConnectionPool(host='api.wandb.ai', port=443): Max retries exceeded with url: /files/robertotfg/keras-rl/3g53g5aw/file_stream (Caused by NewConnectionError('<urllib3.connection.HTTPSConnection object at 0x000002D26084B548>: Failed to establish a new connection: [Errno 11001] getaddrinfo failed')). func: <bound method Session.post of <requests.sessions.Session object at 0x000002D24B180188>>, args: ('https://api.wandb.ai/files/robertotfg/keras-rl/3g53g5aw/file_stream',), kwargs: {'json': {'files': {'wandb-events.jsonl': {'offset': 3, 'content': ['{"system.gpu.0.gpu": 3.0, "system.gpu.0.memory": 0.87, "system.gpu.0.memoryAllocated": 98.84, "system.gpu.0.temp": 52.47, "system.gpu.process.0.gpu": 3.0, "system.gpu.process.0.memory": 0.87, "system.gpu.process.0.memoryAllocated": 98.84, "system.gpu.process.0.temp": 52.47, "system.cpu": 26.6, "system.memory": 34.1, "system.disk": 37.1, "system.proc.memory.availableMB": 21404.97, "system.proc.memory.rssMB": 210.14, "system.proc.memory.percent": 0.65, "system.proc.cpu.threads": 29.0, "system.network.sent": 732929, "system.network.recv": 431492, "_wandb": true, "_timestamp": 1621964494, "_runtime": 124}']}, 'output.log': {'offset': 2, 'content': ['2021-05-25T17:41:37.979033   77/5000 [..............................] - ETA: 1:59:25 - reward: -1.5562\n']}}}}
2021-05-25 20:05:18,921 WARNING FileStreamThread:1252 [file_stream.py:request_with_retry():424] requests_with_retry encountered retryable exception: HTTPSConnectionPool(host='api.wandb.ai', port=443): Max retries exceeded with url: /files/robertotfg/keras-rl/3g53g5aw/file_stream (Caused by NewConnectionError('<urllib3.connection.HTTPSConnection object at 0x000002D26084BE08>: Failed to establish a new connection: [Errno 11001] getaddrinfo failed')). func: <bound method Session.post of <requests.sessions.Session object at 0x000002D24B180188>>, args: ('https://api.wandb.ai/files/robertotfg/keras-rl/3g53g5aw/file_stream',), kwargs: {'json': {'files': {'wandb-events.jsonl': {'offset': 3, 'content': ['{"system.gpu.0.gpu": 3.0, "system.gpu.0.memory": 0.87, "system.gpu.0.memoryAllocated": 98.84, "system.gpu.0.temp": 52.47, "system.gpu.process.0.gpu": 3.0, "system.gpu.process.0.memory": 0.87, "system.gpu.process.0.memoryAllocated": 98.84, "system.gpu.process.0.temp": 52.47, "system.cpu": 26.6, "system.memory": 34.1, "system.disk": 37.1, "system.proc.memory.availableMB": 21404.97, "system.proc.memory.rssMB": 210.14, "system.proc.memory.percent": 0.65, "system.proc.cpu.threads": 29.0, "system.network.sent": 732929, "system.network.recv": 431492, "_wandb": true, "_timestamp": 1621964494, "_runtime": 124}']}, 'output.log': {'offset': 2, 'content': ['2021-05-25T17:41:37.979033   77/5000 [..............................] - ETA: 1:59:25 - reward: -1.5562\n']}}}}
2021-05-25 20:09:18,457 DEBUG   SenderThread:1252 [sender.py:send():176] send: stats
2021-05-25 20:09:18,458 DEBUG   SenderThread:1252 [sender.py:send():176] send: stats
2021-05-25 20:09:18,458 DEBUG   SenderThread:1252 [sender.py:send():176] send: history
2021-05-25 20:09:18,458 DEBUG   SenderThread:1252 [sender.py:send():176] send: summary
2021-05-25 20:09:18,459 INFO    SenderThread:1252 [sender.py:_save_file():821] saving file wandb-summary.json with policy end
2021-05-25 20:09:18,460 DEBUG   SenderThread:1252 [sender.py:send():176] send: stats
2021-05-25 20:09:18,460 DEBUG   SenderThread:1252 [sender.py:send():176] send: stats
2021-05-25 20:09:18,460 DEBUG   SenderThread:1252 [sender.py:send():176] send: stats
2021-05-25 20:09:18,461 DEBUG   SenderThread:1252 [sender.py:send():176] send: history
2021-05-25 20:09:18,461 DEBUG   SenderThread:1252 [sender.py:send():176] send: summary
2021-05-25 20:09:18,462 INFO    SenderThread:1252 [sender.py:_save_file():821] saving file wandb-summary.json with policy end
2021-05-25 20:09:18,462 DEBUG   SenderThread:1252 [sender.py:send():176] send: stats
2021-05-25 20:09:18,463 DEBUG   SenderThread:1252 [sender.py:send():176] send: stats
2021-05-25 20:09:18,463 DEBUG   SenderThread:1252 [sender.py:send():176] send: history
2021-05-25 20:09:18,463 DEBUG   SenderThread:1252 [sender.py:send():176] send: summary
2021-05-25 20:09:18,464 INFO    SenderThread:1252 [sender.py:_save_file():821] saving file wandb-summary.json with policy end
2021-05-25 20:09:18,465 DEBUG   SenderThread:1252 [sender.py:send():176] send: stats
2021-05-25 20:09:18,465 DEBUG   SenderThread:1252 [sender.py:send():176] send: stats
2021-05-25 20:09:18,465 DEBUG   SenderThread:1252 [sender.py:send():176] send: history
2021-05-25 20:09:18,465 DEBUG   SenderThread:1252 [sender.py:send():176] send: summary
2021-05-25 20:09:18,466 INFO    SenderThread:1252 [sender.py:_save_file():821] saving file wandb-summary.json with policy end
2021-05-25 20:09:18,467 DEBUG   SenderThread:1252 [sender.py:send():176] send: stats
2021-05-25 20:09:18,467 DEBUG   SenderThread:1252 [sender.py:send():176] send: stats
2021-05-25 20:09:18,467 DEBUG   SenderThread:1252 [sender.py:send():176] send: stats
2021-05-25 20:09:18,468 DEBUG   SenderThread:1252 [sender.py:send():176] send: stats
2021-05-25 20:09:18,468 DEBUG   SenderThread:1252 [sender.py:send():176] send: stats
2021-05-25 20:09:18,468 DEBUG   SenderThread:1252 [sender.py:send():176] send: stats
2021-05-25 20:09:18,469 DEBUG   SenderThread:1252 [sender.py:send():176] send: history
2021-05-25 20:09:18,469 DEBUG   SenderThread:1252 [sender.py:send():176] send: summary
2021-05-25 20:09:18,469 INFO    SenderThread:1252 [sender.py:_save_file():821] saving file wandb-summary.json with policy end
2021-05-25 20:09:18,469 DEBUG   SenderThread:1252 [sender.py:send():176] send: stats
2021-05-25 20:09:18,470 DEBUG   SenderThread:1252 [sender.py:send():176] send: stats
2021-05-25 20:09:18,470 DEBUG   SenderThread:1252 [sender.py:send():176] send: history
2021-05-25 20:09:18,470 DEBUG   SenderThread:1252 [sender.py:send():176] send: summary
2021-05-25 20:09:18,471 INFO    SenderThread:1252 [sender.py:_save_file():821] saving file wandb-summary.json with policy end
2021-05-25 20:09:18,471 DEBUG   SenderThread:1252 [sender.py:send():176] send: stats
2021-05-25 20:09:18,471 DEBUG   SenderThread:1252 [sender.py:send():176] send: stats
2021-05-25 20:09:18,471 DEBUG   SenderThread:1252 [sender.py:send():176] send: history
2021-05-25 20:09:18,472 DEBUG   SenderThread:1252 [sender.py:send():176] send: summary
2021-05-25 20:09:18,473 INFO    SenderThread:1252 [sender.py:_save_file():821] saving file wandb-summary.json with policy end
2021-05-25 20:09:18,473 DEBUG   SenderThread:1252 [sender.py:send():176] send: stats
2021-05-25 20:09:18,473 DEBUG   SenderThread:1252 [sender.py:send():176] send: history
2021-05-25 20:09:18,473 DEBUG   SenderThread:1252 [sender.py:send():176] send: summary
2021-05-25 20:09:18,474 INFO    SenderThread:1252 [sender.py:_save_file():821] saving file wandb-summary.json with policy end
2021-05-25 20:09:18,475 DEBUG   SenderThread:1252 [sender.py:send():176] send: stats
2021-05-25 20:09:18,475 DEBUG   SenderThread:1252 [sender.py:send():176] send: stats
2021-05-25 20:09:18,475 DEBUG   SenderThread:1252 [sender.py:send():176] send: stats
2021-05-25 20:09:18,475 DEBUG   SenderThread:1252 [sender.py:send():176] send: history
2021-05-25 20:09:18,476 DEBUG   SenderThread:1252 [sender.py:send():176] send: summary
2021-05-25 20:09:18,476 INFO    SenderThread:1252 [sender.py:_save_file():821] saving file wandb-summary.json with policy end
2021-05-25 20:09:18,476 DEBUG   SenderThread:1252 [sender.py:send():176] send: stats
2021-05-25 20:09:18,476 DEBUG   SenderThread:1252 [sender.py:send():176] send: stats
2021-05-25 20:09:18,477 DEBUG   SenderThread:1252 [sender.py:send():176] send: history
2021-05-25 20:09:18,477 DEBUG   SenderThread:1252 [sender.py:send():176] send: summary
2021-05-25 20:09:18,477 INFO    SenderThread:1252 [sender.py:_save_file():821] saving file wandb-summary.json with policy end
2021-05-25 20:09:18,478 DEBUG   SenderThread:1252 [sender.py:send():176] send: stats
2021-05-25 20:09:18,478 DEBUG   SenderThread:1252 [sender.py:send():176] send: stats
2021-05-25 20:09:18,478 DEBUG   SenderThread:1252 [sender.py:send():176] send: stats
2021-05-25 20:09:18,479 DEBUG   SenderThread:1252 [sender.py:send():176] send: stats
2021-05-25 20:09:18,479 DEBUG   SenderThread:1252 [sender.py:send():176] send: stats
2021-05-25 20:09:18,480 DEBUG   SenderThread:1252 [sender.py:send():176] send: stats
2021-05-25 20:09:18,480 DEBUG   SenderThread:1252 [sender.py:send():176] send: stats
2021-05-25 20:09:18,480 DEBUG   SenderThread:1252 [sender.py:send():176] send: stats
2021-05-25 20:09:18,480 DEBUG   SenderThread:1252 [sender.py:send():176] send: history
2021-05-25 20:09:18,481 DEBUG   SenderThread:1252 [sender.py:send():176] send: summary
2021-05-25 20:09:18,482 INFO    SenderThread:1252 [sender.py:_save_file():821] saving file wandb-summary.json with policy end
2021-05-25 20:09:18,482 DEBUG   SenderThread:1252 [sender.py:send():176] send: stats
2021-05-25 20:09:18,482 DEBUG   SenderThread:1252 [sender.py:send():176] send: stats
2021-05-25 20:09:18,483 DEBUG   SenderThread:1252 [sender.py:send():176] send: history
2021-05-25 20:09:18,483 DEBUG   SenderThread:1252 [sender.py:send():176] send: summary
2021-05-25 20:09:18,484 INFO    SenderThread:1252 [sender.py:_save_file():821] saving file wandb-summary.json with policy end
2021-05-25 20:09:18,484 DEBUG   SenderThread:1252 [sender.py:send():176] send: history
2021-05-25 20:09:18,484 DEBUG   SenderThread:1252 [sender.py:send():176] send: summary
2021-05-25 20:09:18,485 INFO    SenderThread:1252 [sender.py:_save_file():821] saving file wandb-summary.json with policy end
2021-05-25 20:09:18,485 DEBUG   SenderThread:1252 [sender.py:send():176] send: stats
2021-05-25 20:09:18,486 DEBUG   SenderThread:1252 [sender.py:send():176] send: stats
2021-05-25 20:09:18,486 DEBUG   SenderThread:1252 [sender.py:send():176] send: history
2021-05-25 20:09:18,486 DEBUG   SenderThread:1252 [sender.py:send():176] send: summary
2021-05-25 20:09:18,487 INFO    SenderThread:1252 [sender.py:_save_file():821] saving file wandb-summary.json with policy end
2021-05-25 20:09:18,487 DEBUG   SenderThread:1252 [sender.py:send():176] send: stats
2021-05-25 20:09:18,487 DEBUG   SenderThread:1252 [sender.py:send():176] send: stats
2021-05-25 20:09:18,487 DEBUG   SenderThread:1252 [sender.py:send():176] send: stats
2021-05-25 20:09:18,488 DEBUG   SenderThread:1252 [sender.py:send():176] send: stats
2021-05-25 20:09:18,488 DEBUG   SenderThread:1252 [sender.py:send():176] send: stats
2021-05-25 20:09:18,488 DEBUG   SenderThread:1252 [sender.py:send():176] send: stats
2021-05-25 20:09:18,489 DEBUG   SenderThread:1252 [sender.py:send():176] send: stats
2021-05-25 20:09:18,489 DEBUG   SenderThread:1252 [sender.py:send():176] send: history
2021-05-25 20:09:18,489 DEBUG   SenderThread:1252 [sender.py:send():176] send: summary
2021-05-25 20:09:18,489 INFO    SenderThread:1252 [sender.py:_save_file():821] saving file wandb-summary.json with policy end
2021-05-25 20:09:18,489 DEBUG   SenderThread:1252 [sender.py:send():176] send: stats
2021-05-25 20:09:18,491 DEBUG   SenderThread:1252 [sender.py:send():176] send: stats
2021-05-25 20:09:18,491 DEBUG   SenderThread:1252 [sender.py:send():176] send: stats
2021-05-25 20:09:18,491 DEBUG   SenderThread:1252 [sender.py:send():176] send: history
2021-05-25 20:09:18,491 DEBUG   SenderThread:1252 [sender.py:send():176] send: summary
2021-05-25 20:09:18,492 INFO    SenderThread:1252 [sender.py:_save_file():821] saving file wandb-summary.json with policy end
2021-05-25 20:09:18,492 DEBUG   SenderThread:1252 [sender.py:send():176] send: stats
2021-05-25 20:09:18,493 DEBUG   SenderThread:1252 [sender.py:send():176] send: stats
2021-05-25 20:09:18,493 DEBUG   SenderThread:1252 [sender.py:send():176] send: stats
2021-05-25 20:09:18,493 DEBUG   SenderThread:1252 [sender.py:send():176] send: history
2021-05-25 20:09:18,493 DEBUG   SenderThread:1252 [sender.py:send():176] send: summary
2021-05-25 20:09:18,494 INFO    SenderThread:1252 [sender.py:_save_file():821] saving file wandb-summary.json with policy end
2021-05-25 20:09:18,494 DEBUG   SenderThread:1252 [sender.py:send():176] send: stats
2021-05-25 20:09:18,494 DEBUG   SenderThread:1252 [sender.py:send():176] send: stats
2021-05-25 20:09:18,494 DEBUG   SenderThread:1252 [sender.py:send():176] send: stats
2021-05-25 20:09:18,495 DEBUG   SenderThread:1252 [sender.py:send():176] send: stats
2021-05-25 20:09:19,239 INFO    Thread-12 :1252 [dir_watcher.py:_on_file_modified():229] file/dir modified: C:\Users\robertorg\Documentos\UPM\TFG\Aplicacion\wandb\run-20210525_193930-3g53g5aw\files\wandb-summary.json
2021-05-25 20:09:33,458 DEBUG   HandlerThread:1252 [handler.py:handle_request():121] handle_request: stop_status
2021-05-25 20:09:33,458 DEBUG   SenderThread:1252 [sender.py:send_request():186] send_request: stop_status
2021-05-25 20:09:47,982 ERROR   SenderThread:1252 [retry.py:__call__():126] Retry attempt failed:
Traceback (most recent call last):
  File "C:\Users\robertorg\AppData\Roaming\Python\Python37\site-packages\urllib3\connection.py", line 170, in _new_conn
    (self._dns_host, self.port), self.timeout, **extra_kw
  File "C:\Users\robertorg\AppData\Roaming\Python\Python37\site-packages\urllib3\util\connection.py", line 73, in create_connection
    for res in socket.getaddrinfo(host, port, family, socket.SOCK_STREAM):
  File "C:\Users\robertorg\Anaconda3\envs\entrenamientoKeras\lib\socket.py", line 752, in getaddrinfo
    for res in _socket.getaddrinfo(host, port, family, type, proto, flags):
socket.gaierror: [Errno 11001] getaddrinfo failed

During handling of the above exception, another exception occurred:

Traceback (most recent call last):
  File "C:\Users\robertorg\AppData\Roaming\Python\Python37\site-packages\urllib3\connectionpool.py", line 706, in urlopen
    chunked=chunked,
  File "C:\Users\robertorg\AppData\Roaming\Python\Python37\site-packages\urllib3\connectionpool.py", line 382, in _make_request
    self._validate_conn(conn)
  File "C:\Users\robertorg\AppData\Roaming\Python\Python37\site-packages\urllib3\connectionpool.py", line 1010, in _validate_conn
    conn.connect()
  File "C:\Users\robertorg\AppData\Roaming\Python\Python37\site-packages\urllib3\connection.py", line 353, in connect
    conn = self._new_conn()
  File "C:\Users\robertorg\AppData\Roaming\Python\Python37\site-packages\urllib3\connection.py", line 182, in _new_conn
    self, "Failed to establish a new connection: %s" % e
urllib3.exceptions.NewConnectionError: <urllib3.connection.HTTPSConnection object at 0x000002D26084C608>: Failed to establish a new connection: [Errno 11001] getaddrinfo failed

During handling of the above exception, another exception occurred:

Traceback (most recent call last):
  File "C:\Users\robertorg\AppData\Roaming\Python\Python37\site-packages\requests\adapters.py", line 449, in send
    timeout=timeout
  File "C:\Users\robertorg\AppData\Roaming\Python\Python37\site-packages\urllib3\connectionpool.py", line 756, in urlopen
    method, url, error=e, _pool=self, _stacktrace=sys.exc_info()[2]
  File "C:\Users\robertorg\AppData\Roaming\Python\Python37\site-packages\urllib3\util\retry.py", line 574, in increment
    raise MaxRetryError(_pool, url, error or ResponseError(cause))
urllib3.exceptions.MaxRetryError: HTTPSConnectionPool(host='api.wandb.ai', port=443): Max retries exceeded with url: /graphql (Caused by NewConnectionError('<urllib3.connection.HTTPSConnection object at 0x000002D26084C608>: Failed to establish a new connection: [Errno 11001] getaddrinfo failed'))

During handling of the above exception, another exception occurred:

Traceback (most recent call last):
  File "C:\Users\robertorg\Anaconda3\envs\entrenamientoKeras\lib\site-packages\wandb\sdk\lib\retry.py", line 102, in __call__
    result = self._call_fn(*args, **kwargs)
  File "C:\Users\robertorg\Anaconda3\envs\entrenamientoKeras\lib\site-packages\wandb\sdk\internal\internal_api.py", line 127, in execute
    return self.client.execute(*args, **kwargs)
  File "C:\Users\robertorg\Anaconda3\envs\entrenamientoKeras\lib\site-packages\wandb\vendor\gql-0.2.0\gql\client.py", line 52, in execute
    result = self._get_result(document, *args, **kwargs)
  File "C:\Users\robertorg\Anaconda3\envs\entrenamientoKeras\lib\site-packages\wandb\vendor\gql-0.2.0\gql\client.py", line 60, in _get_result
    return self.transport.execute(document, *args, **kwargs)
  File "C:\Users\robertorg\Anaconda3\envs\entrenamientoKeras\lib\site-packages\wandb\vendor\gql-0.2.0\gql\transport\requests.py", line 38, in execute
    request = requests.post(self.url, **post_args)
  File "C:\Users\robertorg\AppData\Roaming\Python\Python37\site-packages\requests\api.py", line 119, in post
    return request('post', url, data=data, json=json, **kwargs)
  File "C:\Users\robertorg\AppData\Roaming\Python\Python37\site-packages\requests\api.py", line 61, in request
    return session.request(method=method, url=url, **kwargs)
  File "C:\Users\robertorg\AppData\Roaming\Python\Python37\site-packages\requests\sessions.py", line 542, in request
    resp = self.send(prep, **send_kwargs)
  File "C:\Users\robertorg\AppData\Roaming\Python\Python37\site-packages\requests\sessions.py", line 655, in send
    r = adapter.send(request, **kwargs)
  File "C:\Users\robertorg\AppData\Roaming\Python\Python37\site-packages\requests\adapters.py", line 516, in send
    raise ConnectionError(e, request=request)
requests.exceptions.ConnectionError: HTTPSConnectionPool(host='api.wandb.ai', port=443): Max retries exceeded with url: /graphql (Caused by NewConnectionError('<urllib3.connection.HTTPSConnection object at 0x000002D26084C608>: Failed to establish a new connection: [Errno 11001] getaddrinfo failed'))
2021-05-25 20:11:11,186 WARNING FileStreamThread:1252 [file_stream.py:request_with_retry():424] requests_with_retry encountered retryable exception: HTTPSConnectionPool(host='api.wandb.ai', port=443): Max retries exceeded with url: /files/robertotfg/keras-rl/3g53g5aw/file_stream (Caused by NewConnectionError('<urllib3.connection.HTTPSConnection object at 0x000002D26084B988>: Failed to establish a new connection: [Errno 11001] getaddrinfo failed')). func: <bound method Session.post of <requests.sessions.Session object at 0x000002D24B180188>>, args: ('https://api.wandb.ai/files/robertotfg/keras-rl/3g53g5aw/file_stream',), kwargs: {'json': {'files': {'wandb-events.jsonl': {'offset': 3, 'content': ['{"system.gpu.0.gpu": 3.0, "system.gpu.0.memory": 0.87, "system.gpu.0.memoryAllocated": 98.84, "system.gpu.0.temp": 52.47, "system.gpu.process.0.gpu": 3.0, "system.gpu.process.0.memory": 0.87, "system.gpu.process.0.memoryAllocated": 98.84, "system.gpu.process.0.temp": 52.47, "system.cpu": 26.6, "system.memory": 34.1, "system.disk": 37.1, "system.proc.memory.availableMB": 21404.97, "system.proc.memory.rssMB": 210.14, "system.proc.memory.percent": 0.65, "system.proc.cpu.threads": 29.0, "system.network.sent": 732929, "system.network.recv": 431492, "_wandb": true, "_timestamp": 1621964494, "_runtime": 124}']}, 'output.log': {'offset': 2, 'content': ['2021-05-25T17:41:37.979033   77/5000 [..............................] - ETA: 1:59:25 - reward: -1.5562\n']}}}}
2021-05-25 20:17:04,951 WARNING FileStreamThread:1252 [file_stream.py:request_with_retry():424] requests_with_retry encountered retryable exception: HTTPSConnectionPool(host='api.wandb.ai', port=443): Max retries exceeded with url: /files/robertotfg/keras-rl/3g53g5aw/file_stream (Caused by NewConnectionError('<urllib3.connection.HTTPSConnection object at 0x000002D26084B6C8>: Failed to establish a new connection: [Errno 11001] getaddrinfo failed')). func: <bound method Session.post of <requests.sessions.Session object at 0x000002D24B180188>>, args: ('https://api.wandb.ai/files/robertotfg/keras-rl/3g53g5aw/file_stream',), kwargs: {'json': {'files': {'wandb-events.jsonl': {'offset': 3, 'content': ['{"system.gpu.0.gpu": 3.0, "system.gpu.0.memory": 0.87, "system.gpu.0.memoryAllocated": 98.84, "system.gpu.0.temp": 52.47, "system.gpu.process.0.gpu": 3.0, "system.gpu.process.0.memory": 0.87, "system.gpu.process.0.memoryAllocated": 98.84, "system.gpu.process.0.temp": 52.47, "system.cpu": 26.6, "system.memory": 34.1, "system.disk": 37.1, "system.proc.memory.availableMB": 21404.97, "system.proc.memory.rssMB": 210.14, "system.proc.memory.percent": 0.65, "system.proc.cpu.threads": 29.0, "system.network.sent": 732929, "system.network.recv": 431492, "_wandb": true, "_timestamp": 1621964494, "_runtime": 124}']}, 'output.log': {'offset': 2, 'content': ['2021-05-25T17:41:37.979033   77/5000 [..............................] - ETA: 1:59:25 - reward: -1.5562\n']}}}}
2021-05-25 20:22:14,120 WARNING FileStreamThread:1252 [file_stream.py:request_with_retry():424] requests_with_retry encountered retryable exception: HTTPSConnectionPool(host='api.wandb.ai', port=443): Max retries exceeded with url: /files/robertotfg/keras-rl/3g53g5aw/file_stream (Caused by NewConnectionError('<urllib3.connection.HTTPSConnection object at 0x000002D26084BF88>: Failed to establish a new connection: [Errno 11001] getaddrinfo failed')). func: <bound method Session.post of <requests.sessions.Session object at 0x000002D24B180188>>, args: ('https://api.wandb.ai/files/robertotfg/keras-rl/3g53g5aw/file_stream',), kwargs: {'json': {'files': {'wandb-events.jsonl': {'offset': 3, 'content': ['{"system.gpu.0.gpu": 3.0, "system.gpu.0.memory": 0.87, "system.gpu.0.memoryAllocated": 98.84, "system.gpu.0.temp": 52.47, "system.gpu.process.0.gpu": 3.0, "system.gpu.process.0.memory": 0.87, "system.gpu.process.0.memoryAllocated": 98.84, "system.gpu.process.0.temp": 52.47, "system.cpu": 26.6, "system.memory": 34.1, "system.disk": 37.1, "system.proc.memory.availableMB": 21404.97, "system.proc.memory.rssMB": 210.14, "system.proc.memory.percent": 0.65, "system.proc.cpu.threads": 29.0, "system.network.sent": 732929, "system.network.recv": 431492, "_wandb": true, "_timestamp": 1621964494, "_runtime": 124}']}, 'output.log': {'offset': 2, 'content': ['2021-05-25T17:41:37.979033   77/5000 [..............................] - ETA: 1:59:25 - reward: -1.5562\n']}}}}
2021-05-25 20:28:23,833 WARNING FileStreamThread:1252 [file_stream.py:request_with_retry():424] requests_with_retry encountered retryable exception: HTTPSConnectionPool(host='api.wandb.ai', port=443): Max retries exceeded with url: /files/robertotfg/keras-rl/3g53g5aw/file_stream (Caused by NewConnectionError('<urllib3.connection.HTTPSConnection object at 0x000002D26084B648>: Failed to establish a new connection: [Errno 11001] getaddrinfo failed')). func: <bound method Session.post of <requests.sessions.Session object at 0x000002D24B180188>>, args: ('https://api.wandb.ai/files/robertotfg/keras-rl/3g53g5aw/file_stream',), kwargs: {'json': {'files': {'wandb-events.jsonl': {'offset': 3, 'content': ['{"system.gpu.0.gpu": 3.0, "system.gpu.0.memory": 0.87, "system.gpu.0.memoryAllocated": 98.84, "system.gpu.0.temp": 52.47, "system.gpu.process.0.gpu": 3.0, "system.gpu.process.0.memory": 0.87, "system.gpu.process.0.memoryAllocated": 98.84, "system.gpu.process.0.temp": 52.47, "system.cpu": 26.6, "system.memory": 34.1, "system.disk": 37.1, "system.proc.memory.availableMB": 21404.97, "system.proc.memory.rssMB": 210.14, "system.proc.memory.percent": 0.65, "system.proc.cpu.threads": 29.0, "system.network.sent": 732929, "system.network.recv": 431492, "_wandb": true, "_timestamp": 1621964494, "_runtime": 124}']}, 'output.log': {'offset': 2, 'content': ['2021-05-25T17:41:37.979033   77/5000 [..............................] - ETA: 1:59:25 - reward: -1.5562\n']}}}}
2021-05-25 20:34:34,006 WARNING FileStreamThread:1252 [file_stream.py:request_with_retry():424] requests_with_retry encountered retryable exception: HTTPSConnectionPool(host='api.wandb.ai', port=443): Max retries exceeded with url: /files/robertotfg/keras-rl/3g53g5aw/file_stream (Caused by NewConnectionError('<urllib3.connection.HTTPSConnection object at 0x000002D26084B048>: Failed to establish a new connection: [Errno 11001] getaddrinfo failed')). func: <bound method Session.post of <requests.sessions.Session object at 0x000002D24B180188>>, args: ('https://api.wandb.ai/files/robertotfg/keras-rl/3g53g5aw/file_stream',), kwargs: {'json': {'files': {'wandb-events.jsonl': {'offset': 3, 'content': ['{"system.gpu.0.gpu": 3.0, "system.gpu.0.memory": 0.87, "system.gpu.0.memoryAllocated": 98.84, "system.gpu.0.temp": 52.47, "system.gpu.process.0.gpu": 3.0, "system.gpu.process.0.memory": 0.87, "system.gpu.process.0.memoryAllocated": 98.84, "system.gpu.process.0.temp": 52.47, "system.cpu": 26.6, "system.memory": 34.1, "system.disk": 37.1, "system.proc.memory.availableMB": 21404.97, "system.proc.memory.rssMB": 210.14, "system.proc.memory.percent": 0.65, "system.proc.cpu.threads": 29.0, "system.network.sent": 732929, "system.network.recv": 431492, "_wandb": true, "_timestamp": 1621964494, "_runtime": 124}']}, 'output.log': {'offset': 2, 'content': ['2021-05-25T17:41:37.979033   77/5000 [..............................] - ETA: 1:59:25 - reward: -1.5562\n']}}}}
2021-05-25 20:39:53,714 WARNING FileStreamThread:1252 [file_stream.py:request_with_retry():424] requests_with_retry encountered retryable exception: HTTPSConnectionPool(host='api.wandb.ai', port=443): Max retries exceeded with url: /files/robertotfg/keras-rl/3g53g5aw/file_stream (Caused by NewConnectionError('<urllib3.connection.HTTPSConnection object at 0x000002D26084B888>: Failed to establish a new connection: [Errno 11001] getaddrinfo failed')). func: <bound method Session.post of <requests.sessions.Session object at 0x000002D24B180188>>, args: ('https://api.wandb.ai/files/robertotfg/keras-rl/3g53g5aw/file_stream',), kwargs: {'json': {'files': {'wandb-events.jsonl': {'offset': 3, 'content': ['{"system.gpu.0.gpu": 3.0, "system.gpu.0.memory": 0.87, "system.gpu.0.memoryAllocated": 98.84, "system.gpu.0.temp": 52.47, "system.gpu.process.0.gpu": 3.0, "system.gpu.process.0.memory": 0.87, "system.gpu.process.0.memoryAllocated": 98.84, "system.gpu.process.0.temp": 52.47, "system.cpu": 26.6, "system.memory": 34.1, "system.disk": 37.1, "system.proc.memory.availableMB": 21404.97, "system.proc.memory.rssMB": 210.14, "system.proc.memory.percent": 0.65, "system.proc.cpu.threads": 29.0, "system.network.sent": 732929, "system.network.recv": 431492, "_wandb": true, "_timestamp": 1621964494, "_runtime": 124}']}, 'output.log': {'offset': 2, 'content': ['2021-05-25T17:41:37.979033   77/5000 [..............................] - ETA: 1:59:25 - reward: -1.5562\n']}}}}
2021-05-25 20:45:03,108 WARNING FileStreamThread:1252 [file_stream.py:request_with_retry():424] requests_with_retry encountered retryable exception: HTTPSConnectionPool(host='api.wandb.ai', port=443): Max retries exceeded with url: /files/robertotfg/keras-rl/3g53g5aw/file_stream (Caused by NewConnectionError('<urllib3.connection.HTTPSConnection object at 0x000002D26084B608>: Failed to establish a new connection: [Errno 11001] getaddrinfo failed')). func: <bound method Session.post of <requests.sessions.Session object at 0x000002D24B180188>>, args: ('https://api.wandb.ai/files/robertotfg/keras-rl/3g53g5aw/file_stream',), kwargs: {'json': {'files': {'wandb-events.jsonl': {'offset': 3, 'content': ['{"system.gpu.0.gpu": 3.0, "system.gpu.0.memory": 0.87, "system.gpu.0.memoryAllocated": 98.84, "system.gpu.0.temp": 52.47, "system.gpu.process.0.gpu": 3.0, "system.gpu.process.0.memory": 0.87, "system.gpu.process.0.memoryAllocated": 98.84, "system.gpu.process.0.temp": 52.47, "system.cpu": 26.6, "system.memory": 34.1, "system.disk": 37.1, "system.proc.memory.availableMB": 21404.97, "system.proc.memory.rssMB": 210.14, "system.proc.memory.percent": 0.65, "system.proc.cpu.threads": 29.0, "system.network.sent": 732929, "system.network.recv": 431492, "_wandb": true, "_timestamp": 1621964494, "_runtime": 124}']}, 'output.log': {'offset': 2, 'content': ['2021-05-25T17:41:37.979033   77/5000 [..............................] - ETA: 1:59:25 - reward: -1.5562\n']}}}}
2021-05-25 20:50:16,199 WARNING FileStreamThread:1252 [file_stream.py:request_with_retry():424] requests_with_retry encountered retryable exception: HTTPSConnectionPool(host='api.wandb.ai', port=443): Max retries exceeded with url: /files/robertotfg/keras-rl/3g53g5aw/file_stream (Caused by NewConnectionError('<urllib3.connection.HTTPSConnection object at 0x000002D26084B8C8>: Failed to establish a new connection: [Errno 11001] getaddrinfo failed')). func: <bound method Session.post of <requests.sessions.Session object at 0x000002D24B180188>>, args: ('https://api.wandb.ai/files/robertotfg/keras-rl/3g53g5aw/file_stream',), kwargs: {'json': {'files': {'wandb-events.jsonl': {'offset': 3, 'content': ['{"system.gpu.0.gpu": 3.0, "system.gpu.0.memory": 0.87, "system.gpu.0.memoryAllocated": 98.84, "system.gpu.0.temp": 52.47, "system.gpu.process.0.gpu": 3.0, "system.gpu.process.0.memory": 0.87, "system.gpu.process.0.memoryAllocated": 98.84, "system.gpu.process.0.temp": 52.47, "system.cpu": 26.6, "system.memory": 34.1, "system.disk": 37.1, "system.proc.memory.availableMB": 21404.97, "system.proc.memory.rssMB": 210.14, "system.proc.memory.percent": 0.65, "system.proc.cpu.threads": 29.0, "system.network.sent": 732929, "system.network.recv": 431492, "_wandb": true, "_timestamp": 1621964494, "_runtime": 124}']}, 'output.log': {'offset': 2, 'content': ['2021-05-25T17:41:37.979033   77/5000 [..............................] - ETA: 1:59:25 - reward: -1.5562\n']}}}}
2021-05-25 20:56:26,391 WARNING FileStreamThread:1252 [file_stream.py:request_with_retry():424] requests_with_retry encountered retryable exception: HTTPSConnectionPool(host='api.wandb.ai', port=443): Max retries exceeded with url: /files/robertotfg/keras-rl/3g53g5aw/file_stream (Caused by NewConnectionError('<urllib3.connection.HTTPSConnection object at 0x000002D260846848>: Failed to establish a new connection: [Errno 11001] getaddrinfo failed')). func: <bound method Session.post of <requests.sessions.Session object at 0x000002D24B180188>>, args: ('https://api.wandb.ai/files/robertotfg/keras-rl/3g53g5aw/file_stream',), kwargs: {'json': {'files': {'wandb-events.jsonl': {'offset': 3, 'content': ['{"system.gpu.0.gpu": 3.0, "system.gpu.0.memory": 0.87, "system.gpu.0.memoryAllocated": 98.84, "system.gpu.0.temp": 52.47, "system.gpu.process.0.gpu": 3.0, "system.gpu.process.0.memory": 0.87, "system.gpu.process.0.memoryAllocated": 98.84, "system.gpu.process.0.temp": 52.47, "system.cpu": 26.6, "system.memory": 34.1, "system.disk": 37.1, "system.proc.memory.availableMB": 21404.97, "system.proc.memory.rssMB": 210.14, "system.proc.memory.percent": 0.65, "system.proc.cpu.threads": 29.0, "system.network.sent": 732929, "system.network.recv": 431492, "_wandb": true, "_timestamp": 1621964494, "_runtime": 124}']}, 'output.log': {'offset': 2, 'content': ['2021-05-25T17:41:37.979033   77/5000 [..............................] - ETA: 1:59:25 - reward: -1.5562\n']}}}}
2021-05-25 21:02:27,171 WARNING FileStreamThread:1252 [file_stream.py:request_with_retry():424] requests_with_retry encountered retryable exception: HTTPSConnectionPool(host='api.wandb.ai', port=443): Max retries exceeded with url: /files/robertotfg/keras-rl/3g53g5aw/file_stream (Caused by NewConnectionError('<urllib3.connection.HTTPSConnection object at 0x000002D260846648>: Failed to establish a new connection: [Errno 11001] getaddrinfo failed')). func: <bound method Session.post of <requests.sessions.Session object at 0x000002D24B180188>>, args: ('https://api.wandb.ai/files/robertotfg/keras-rl/3g53g5aw/file_stream',), kwargs: {'json': {'files': {'wandb-events.jsonl': {'offset': 3, 'content': ['{"system.gpu.0.gpu": 3.0, "system.gpu.0.memory": 0.87, "system.gpu.0.memoryAllocated": 98.84, "system.gpu.0.temp": 52.47, "system.gpu.process.0.gpu": 3.0, "system.gpu.process.0.memory": 0.87, "system.gpu.process.0.memoryAllocated": 98.84, "system.gpu.process.0.temp": 52.47, "system.cpu": 26.6, "system.memory": 34.1, "system.disk": 37.1, "system.proc.memory.availableMB": 21404.97, "system.proc.memory.rssMB": 210.14, "system.proc.memory.percent": 0.65, "system.proc.cpu.threads": 29.0, "system.network.sent": 732929, "system.network.recv": 431492, "_wandb": true, "_timestamp": 1621964494, "_runtime": 124}']}, 'output.log': {'offset': 2, 'content': ['2021-05-25T17:41:37.979033   77/5000 [..............................] - ETA: 1:59:25 - reward: -1.5562\n']}}}}
2021-05-25 21:07:35,642 WARNING FileStreamThread:1252 [file_stream.py:request_with_retry():424] requests_with_retry encountered retryable exception: HTTPSConnectionPool(host='api.wandb.ai', port=443): Max retries exceeded with url: /files/robertotfg/keras-rl/3g53g5aw/file_stream (Caused by NewConnectionError('<urllib3.connection.HTTPSConnection object at 0x000002D260846908>: Failed to establish a new connection: [Errno 11001] getaddrinfo failed')). func: <bound method Session.post of <requests.sessions.Session object at 0x000002D24B180188>>, args: ('https://api.wandb.ai/files/robertotfg/keras-rl/3g53g5aw/file_stream',), kwargs: {'json': {'files': {'wandb-events.jsonl': {'offset': 3, 'content': ['{"system.gpu.0.gpu": 3.0, "system.gpu.0.memory": 0.87, "system.gpu.0.memoryAllocated": 98.84, "system.gpu.0.temp": 52.47, "system.gpu.process.0.gpu": 3.0, "system.gpu.process.0.memory": 0.87, "system.gpu.process.0.memoryAllocated": 98.84, "system.gpu.process.0.temp": 52.47, "system.cpu": 26.6, "system.memory": 34.1, "system.disk": 37.1, "system.proc.memory.availableMB": 21404.97, "system.proc.memory.rssMB": 210.14, "system.proc.memory.percent": 0.65, "system.proc.cpu.threads": 29.0, "system.network.sent": 732929, "system.network.recv": 431492, "_wandb": true, "_timestamp": 1621964494, "_runtime": 124}']}, 'output.log': {'offset': 2, 'content': ['2021-05-25T17:41:37.979033   77/5000 [..............................] - ETA: 1:59:25 - reward: -1.5562\n']}}}}
